  [1m[35m (209.9ms)[0m  [1m[35mCREATE DATABASE "Jeopardy_development" ENCODING = 'unicode'[0m
  [1m[35m (101.8ms)[0m  [1m[35mCREATE DATABASE "Jeopardy_test" ENCODING = 'unicode'[0m
  [1m[35m (17.1ms)[0m  [1m[35mCREATE TABLE "schema_migrations" ("version" character varying NOT NULL PRIMARY KEY)[0m
  [1m[35m (7.2ms)[0m  [1m[35mCREATE TABLE "ar_internal_metadata" ("key" character varying NOT NULL PRIMARY KEY, "value" character varying, "created_at" timestamp(6) NOT NULL, "updated_at" timestamp(6) NOT NULL)[0m
  [1m[35m (0.4ms)[0m  [1m[34mSELECT pg_try_advisory_lock(1977116685803142030)[0m
  [1m[35m (0.8ms)[0m  [1m[34mSELECT "schema_migrations"."version" FROM "schema_migrations" ORDER BY "schema_migrations"."version" ASC[0m
Migrating to CreateCategories (20200326212523)
  [1m[35m (0.2ms)[0m  [1m[35mBEGIN[0m
  [1m[35m (10.8ms)[0m  [1m[35mCREATE TABLE "categories" ("id" bigserial primary key, "name" character varying, "complete" boolean, "created_at" timestamp(6) NOT NULL, "updated_at" timestamp(6) NOT NULL)[0m
  [1m[36mprimary::SchemaMigration Create (1.1ms)[0m  [1m[32mINSERT INTO "schema_migrations" ("version") VALUES ($1) RETURNING "version"[0m  [["version", "20200326212523"]]
  [1m[35m (0.5ms)[0m  [1m[35mCOMMIT[0m
Migrating to CreateCards (20200326212641)
  [1m[35m (0.3ms)[0m  [1m[35mBEGIN[0m
  [1m[35m (10.9ms)[0m  [1m[35mCREATE TABLE "cards" ("id" bigserial primary key, "name" character varying, "answers" text, "complete" boolean, "points" integer, "category_id" bigint NOT NULL, "created_at" timestamp(6) NOT NULL, "updated_at" timestamp(6) NOT NULL, CONSTRAINT "fk_rails_70c9446f0d"
FOREIGN KEY ("category_id")
  REFERENCES "categories" ("id")
)[0m
  [1m[35m (1.6ms)[0m  [1m[35mCREATE  INDEX  "index_cards_on_category_id" ON "cards"  ("category_id")[0m
  [1m[36mprimary::SchemaMigration Create (4.4ms)[0m  [1m[32mINSERT INTO "schema_migrations" ("version") VALUES ($1) RETURNING "version"[0m  [["version", "20200326212641"]]
  [1m[35m (5.0ms)[0m  [1m[35mCOMMIT[0m
  [1m[36mActiveRecord::InternalMetadata Load (1.6ms)[0m  [1m[34mSELECT "ar_internal_metadata".* FROM "ar_internal_metadata" WHERE "ar_internal_metadata"."key" = $1 LIMIT $2[0m  [["key", "environment"], ["LIMIT", 1]]
  [1m[35m (0.2ms)[0m  [1m[35mBEGIN[0m
  [1m[36mActiveRecord::InternalMetadata Create (2.3ms)[0m  [1m[32mINSERT INTO "ar_internal_metadata" ("key", "value", "created_at", "updated_at") VALUES ($1, $2, $3, $4) RETURNING "key"[0m  [["key", "environment"], ["value", "development"], ["created_at", "2020-03-26 22:27:27.199039"], ["updated_at", "2020-03-26 22:27:27.199039"]]
  [1m[35m (0.5ms)[0m  [1m[35mCOMMIT[0m
  [1m[35m (0.4ms)[0m  [1m[34mSELECT pg_advisory_unlock(1977116685803142030)[0m
  [1m[35m (1.0ms)[0m  [1m[34mSELECT "schema_migrations"."version" FROM "schema_migrations" ORDER BY "schema_migrations"."version" ASC[0m
Started GET "/" for ::1 at 2020-03-26 16:28:43 -0600
  [1m[35m (1.0ms)[0m  [1m[34mSELECT "schema_migrations"."version" FROM "schema_migrations" ORDER BY "schema_migrations"."version" ASC[0m
Processing by Rails::WelcomeController#index as HTML
  Rendering /Users/thomasgaston/.rbenv/versions/2.5.1/lib/ruby/gems/2.5.0/gems/railties-6.0.2.2/lib/rails/templates/rails/welcome/index.html.erb
  Rendered /Users/thomasgaston/.rbenv/versions/2.5.1/lib/ruby/gems/2.5.0/gems/railties-6.0.2.2/lib/rails/templates/rails/welcome/index.html.erb (Duration: 8.0ms | Allocations: 485)
Completed 200 OK in 19ms (Views: 13.8ms | ActiveRecord: 0.0ms | Allocations: 4089)


Started GET "/rails/info/routes" for ::1 at 2020-03-26 16:28:48 -0600
Processing by Rails::InfoController#routes as HTML
  Rendering /Users/thomasgaston/.rbenv/versions/2.5.1/lib/ruby/gems/2.5.0/gems/railties-6.0.2.2/lib/rails/templates/rails/info/routes.html.erb within layouts/application
  Rendered collection of /Users/thomasgaston/.rbenv/versions/2.5.1/lib/ruby/gems/2.5.0/gems/actionpack-6.0.2.2/lib/action_dispatch/middleware/templates/routes/_route.html.erb [29 times] (Duration: 9.8ms | Allocations: 4398)
  Rendered /Users/thomasgaston/.rbenv/versions/2.5.1/lib/ruby/gems/2.5.0/gems/actionpack-6.0.2.2/lib/action_dispatch/middleware/templates/routes/_table.html.erb (Duration: 10.9ms | Allocations: 1191)
  Rendered /Users/thomasgaston/.rbenv/versions/2.5.1/lib/ruby/gems/2.5.0/gems/railties-6.0.2.2/lib/rails/templates/rails/info/routes.html.erb within layouts/application (Duration: 28.3ms | Allocations: 8024)
Completed 200 OK in 35ms (Views: 31.5ms | ActiveRecord: 0.0ms | Allocations: 10546)


Started GET "/rails/info/routes" for ::1 at 2020-03-26 17:09:25 -0600
Processing by Rails::InfoController#routes as HTML
  Rendering /Users/thomasgaston/.rbenv/versions/2.5.1/lib/ruby/gems/2.5.0/gems/railties-6.0.2.2/lib/rails/templates/rails/info/routes.html.erb within layouts/application
  Rendered collection of /Users/thomasgaston/.rbenv/versions/2.5.1/lib/ruby/gems/2.5.0/gems/actionpack-6.0.2.2/lib/action_dispatch/middleware/templates/routes/_route.html.erb [29 times] (Duration: 23.0ms | Allocations: 4368)
  Rendered /Users/thomasgaston/.rbenv/versions/2.5.1/lib/ruby/gems/2.5.0/gems/actionpack-6.0.2.2/lib/action_dispatch/middleware/templates/routes/_table.html.erb (Duration: 4.8ms | Allocations: 713)
  Rendered /Users/thomasgaston/.rbenv/versions/2.5.1/lib/ruby/gems/2.5.0/gems/railties-6.0.2.2/lib/rails/templates/rails/info/routes.html.erb within layouts/application (Duration: 60.9ms | Allocations: 7502)
Completed 200 OK in 77ms (Views: 68.4ms | ActiveRecord: 0.0ms | Allocations: 9951)


<<<<<<< HEAD
Started GET "/api/categories" for 127.0.0.1 at 2020-03-27 16:12:07 -0600
  [1m[35m (10.2ms)[0m  [1m[34mSELECT "schema_migrations"."version" FROM "schema_migrations" ORDER BY "schema_migrations"."version" ASC[0m

ActiveRecord::PendingMigrationError - Migrations are pending. To resolve this issue, run:

        rails db:migrate RAILS_ENV=development

:
=======
  [1m[35m (0.5ms)[0m  [1m[34mSELECT pg_try_advisory_lock(1977116685803142030)[0m
  [1m[35m (2.9ms)[0m  [1m[34mSELECT "schema_migrations"."version" FROM "schema_migrations" ORDER BY "schema_migrations"."version" ASC[0m
  [1m[36mActiveRecord::InternalMetadata Load (1.8ms)[0m  [1m[34mSELECT "ar_internal_metadata".* FROM "ar_internal_metadata" WHERE "ar_internal_metadata"."key" = $1 LIMIT $2[0m  [["key", "environment"], ["LIMIT", 1]]
  [1m[35m (0.2ms)[0m  [1m[34mSELECT pg_advisory_unlock(1977116685803142030)[0m
  [1m[35m (0.7ms)[0m  [1m[34mSELECT "schema_migrations"."version" FROM "schema_migrations" ORDER BY "schema_migrations"."version" ASC[0m
  [1m[35m (0.2ms)[0m  [1m[34mSELECT pg_try_advisory_lock(1977116685803142030)[0m
  [1m[35m (0.8ms)[0m  [1m[34mSELECT "schema_migrations"."version" FROM "schema_migrations" ORDER BY "schema_migrations"."version" ASC[0m
  [1m[36mActiveRecord::InternalMetadata Load (0.4ms)[0m  [1m[34mSELECT "ar_internal_metadata".* FROM "ar_internal_metadata" WHERE "ar_internal_metadata"."key" = $1 LIMIT $2[0m  [["key", "environment"], ["LIMIT", 1]]
  [1m[35m (0.2ms)[0m  [1m[34mSELECT pg_advisory_unlock(1977116685803142030)[0m
  [1m[35m (0.9ms)[0m  [1m[34mSELECT "schema_migrations"."version" FROM "schema_migrations" ORDER BY "schema_migrations"."version" ASC[0m
  [1m[35m (0.8ms)[0m  [1m[34mSELECT "schema_migrations"."version" FROM "schema_migrations" ORDER BY "schema_migrations"."version" ASC[0m
  [1m[35m (0.4ms)[0m  [1m[34mSELECT "ar_internal_metadata"."value" FROM "ar_internal_metadata" WHERE "ar_internal_metadata"."key" = $1[0m  [["key", "environment"]]
  [1m[35m (0.2ms)[0m  [1m[34mSELECT "schema_migrations"."version" FROM "schema_migrations" ORDER BY "schema_migrations"."version" ASC[0m
  [1m[35m (0.2ms)[0m  [1m[34mSELECT "ar_internal_metadata"."value" FROM "ar_internal_metadata" WHERE "ar_internal_metadata"."key" = $1[0m  [["key", "environment"]]
  [1m[35m (0.2ms)[0m  [1m[34mSELECT "schema_migrations"."version" FROM "schema_migrations" ORDER BY "schema_migrations"."version" ASC[0m
  [1m[35m (0.2ms)[0m  [1m[34mSELECT "ar_internal_metadata"."value" FROM "ar_internal_metadata" WHERE "ar_internal_metadata"."key" = $1[0m  [["key", "environment"]]
  [1m[35m (36.0ms)[0m  [1m[35mDROP DATABASE IF EXISTS "Jeopardy_development"[0m
  [1m[35m (35.0ms)[0m  [1m[35mDROP DATABASE IF EXISTS "Jeopardy_test"[0m
  [1m[35m (181.6ms)[0m  [1m[35mCREATE DATABASE "Jeopardy_development" ENCODING = 'unicode'[0m
  [1m[35m (68.9ms)[0m  [1m[35mCREATE DATABASE "Jeopardy_test" ENCODING = 'unicode'[0m
  [1m[35m (9.3ms)[0m  [1m[35mCREATE TABLE "schema_migrations" ("version" character varying NOT NULL PRIMARY KEY)[0m
  [1m[35m (4.2ms)[0m  [1m[35mCREATE TABLE "ar_internal_metadata" ("key" character varying NOT NULL PRIMARY KEY, "value" character varying, "created_at" timestamp(6) NOT NULL, "updated_at" timestamp(6) NOT NULL)[0m
  [1m[35m (0.2ms)[0m  [1m[34mSELECT pg_try_advisory_lock(1977116685803142030)[0m
  [1m[35m (0.7ms)[0m  [1m[34mSELECT "schema_migrations"."version" FROM "schema_migrations" ORDER BY "schema_migrations"."version" ASC[0m
Migrating to CreateCategories (20200326212523)
  [1m[35m (0.2ms)[0m  [1m[35mBEGIN[0m
  [1m[35m (6.3ms)[0m  [1m[35mCREATE TABLE "categories" ("id" bigserial primary key, "name" character varying, "complete" boolean, "created_at" timestamp(6) NOT NULL, "updated_at" timestamp(6) NOT NULL)[0m
  [1m[36mprimary::SchemaMigration Create (0.7ms)[0m  [1m[32mINSERT INTO "schema_migrations" ("version") VALUES ($1) RETURNING "version"[0m  [["version", "20200326212523"]]
  [1m[35m (0.6ms)[0m  [1m[35mCOMMIT[0m
Migrating to CreateCards (20200326212641)
  [1m[35m (0.4ms)[0m  [1m[35mBEGIN[0m
  [1m[35m (6.4ms)[0m  [1m[35mCREATE TABLE "cards" ("id" bigserial primary key, "name" character varying, "answers" text, "complete" boolean, "points" integer, "category_id" bigint NOT NULL, "created_at" timestamp(6) NOT NULL, "updated_at" timestamp(6) NOT NULL, CONSTRAINT "fk_rails_70c9446f0d"
FOREIGN KEY ("category_id")
  REFERENCES "categories" ("id")
)[0m
  [1m[35m (1.5ms)[0m  [1m[35mCREATE  INDEX  "index_cards_on_category_id" ON "cards"  ("category_id")[0m
  [1m[36mprimary::SchemaMigration Create (0.3ms)[0m  [1m[32mINSERT INTO "schema_migrations" ("version") VALUES ($1) RETURNING "version"[0m  [["version", "20200326212641"]]
  [1m[35m (0.6ms)[0m  [1m[35mCOMMIT[0m
Migrating to CreateAnswers (20200326232007)
  [1m[35m (0.3ms)[0m  [1m[35mBEGIN[0m
  [1m[35m (6.7ms)[0m  [1m[35mCREATE TABLE "answers" ("id" bigserial primary key, "a" character varying, "b" character varying, "c" character varying, "d" character varying, "correct" character varying, "card_id" bigint NOT NULL, "created_at" timestamp(6) NOT NULL, "updated_at" timestamp(6) NOT NULL, CONSTRAINT "fk_rails_bda8d6f8de"
FOREIGN KEY ("card_id")
  REFERENCES "cards" ("id")
)[0m
  [1m[35m (1.1ms)[0m  [1m[35mCREATE  INDEX  "index_answers_on_card_id" ON "answers"  ("card_id")[0m
  [1m[36mprimary::SchemaMigration Create (0.3ms)[0m  [1m[32mINSERT INTO "schema_migrations" ("version") VALUES ($1) RETURNING "version"[0m  [["version", "20200326232007"]]
  [1m[35m (0.5ms)[0m  [1m[35mCOMMIT[0m
  [1m[36mActiveRecord::InternalMetadata Load (0.4ms)[0m  [1m[34mSELECT "ar_internal_metadata".* FROM "ar_internal_metadata" WHERE "ar_internal_metadata"."key" = $1 LIMIT $2[0m  [["key", "environment"], ["LIMIT", 1]]
  [1m[35m (0.1ms)[0m  [1m[35mBEGIN[0m
  [1m[36mActiveRecord::InternalMetadata Create (0.6ms)[0m  [1m[32mINSERT INTO "ar_internal_metadata" ("key", "value", "created_at", "updated_at") VALUES ($1, $2, $3, $4) RETURNING "key"[0m  [["key", "environment"], ["value", "development"], ["created_at", "2020-03-27 20:45:18.277622"], ["updated_at", "2020-03-27 20:45:18.277622"]]
  [1m[35m (0.6ms)[0m  [1m[35mCOMMIT[0m
  [1m[35m (0.3ms)[0m  [1m[34mSELECT pg_advisory_unlock(1977116685803142030)[0m
  [1m[35m (1.0ms)[0m  [1m[34mSELECT "schema_migrations"."version" FROM "schema_migrations" ORDER BY "schema_migrations"."version" ASC[0m
Started GET "/api/categories" for 127.0.0.1 at 2020-03-27 15:59:50 -0600
  [1m[35m (4.8ms)[0m  [1m[34mSELECT "schema_migrations"."version" FROM "schema_migrations" ORDER BY "schema_migrations"."version" ASC[0m
Processing by Api::CategoriesController#index as HTML
Completed 500  in 7ms (ActiveRecord: 0.0ms | Allocations: 1422)



ArgumentError - wrong number of arguments (given 0, expected 1):
  app/models/category.rb:4:in `<class:Category>'
  app/models/category.rb:3:in `<main>'
  app/controllers/api/categories_controller.rb:6:in `index'

Started GET "/api/categories" for 127.0.0.1 at 2020-03-27 16:00:16 -0600
Processing by Api::CategoriesController#index as HTML
Completed 500  in 3ms (ActiveRecord: 0.0ms | Allocations: 1056)



ArgumentError - wrong number of arguments (given 0, expected 1):
  app/models/category.rb:4:in `<class:Category>'
  app/models/category.rb:3:in `<main>'
  app/controllers/api/categories_controller.rb:6:in `index'

Started GET "/api/categories" for 127.0.0.1 at 2020-03-27 16:03:36 -0600
Processing by Api::CategoriesController#index as HTML
Completed 500  in 16ms (ActiveRecord: 0.0ms | Allocations: 3318)



ArgumentError - wrong number of arguments (given 0, expected 1):
  app/models/category.rb:4:in `<class:Category>'
  app/models/category.rb:3:in `<main>'
  app/controllers/api/categories_controller.rb:6:in `index'

Started GET "/rails/info/routes" for ::1 at 2020-03-27 16:03:51 -0600
Processing by Rails::InfoController#routes as HTML
  Rendering /Users/scottkey/.rbenv/versions/2.7.0/lib/ruby/gems/2.7.0/gems/railties-6.0.2.2/lib/rails/templates/rails/info/routes.html.erb within layouts/application
  Rendered collection of /Users/scottkey/.rbenv/versions/2.7.0/lib/ruby/gems/2.7.0/gems/actionpack-6.0.2.2/lib/action_dispatch/middleware/templates/routes/_route.html.erb [36 times] (Duration: 30.0ms | Allocations: 4974)
  Rendered /Users/scottkey/.rbenv/versions/2.7.0/lib/ruby/gems/2.7.0/gems/actionpack-6.0.2.2/lib/action_dispatch/middleware/templates/routes/_table.html.erb (Duration: 134.1ms | Allocations: 1060)
  Rendered /Users/scottkey/.rbenv/versions/2.7.0/lib/ruby/gems/2.7.0/gems/railties-6.0.2.2/lib/rails/templates/rails/info/routes.html.erb within layouts/application (Duration: 182.8ms | Allocations: 9446)
Completed 200 OK in 276ms (Views: 224.1ms | ActiveRecord: 0.0ms | Allocations: 12976)


Started GET "/favicon.ico" for ::1 at 2020-03-27 16:03:52 -0600
Processing by StaticController#index as 
  Parameters: {"other"=>"favicon"}
DEPRECATION WARNING: render file: should be given the absolute path to a file (called from index at /Users/scottkey/coding/dpl/Week7/Jeopardy/app/controllers/static_controller.rb:9)
Completed 500  in 34ms (ActiveRecord: 0.0ms | Allocations: 3481)



ActionView::MissingTemplate - Missing template Users/scottkey/coding/dpl/Week7/Jeopardy/public/index.html with {:locale=>[:en], :formats=>[:html, :text, :js, :css, :ics, :csv, :vcf, :vtt, :png, :jpeg, :gif, :bmp, :tiff, :svg, :mpeg, :mp3, :ogg, :m4a, :webm, :mp4, :otf, :ttf, :woff, :woff2, :xml, :rss, :atom, :yaml, :multipart_form, :url_encoded_form, :json, :pdf, :zip, :gzip], :variants=>[], :handlers=>[:raw, :erb, :html, :builder, :ruby]}. Searched in:
  * "/Users/scottkey/.rbenv/versions/2.7.0/lib/ruby/gems/2.7.0/gems/railties-6.0.2.2/lib/rails/templates"
  * "/Users/scottkey/coding/dpl/Week7/Jeopardy"
  * "/"
:
  app/controllers/static_controller.rb:9:in `index'

Started GET "/api/categories" for ::1 at 2020-03-27 16:04:05 -0600
Processing by Api::CategoriesController#index as HTML
Completed 500  in 3ms (ActiveRecord: 0.0ms | Allocations: 987)



ArgumentError - wrong number of arguments (given 0, expected 1):
  app/models/category.rb:4:in `<class:Category>'
  app/models/category.rb:3:in `<main>'
  app/controllers/api/categories_controller.rb:6:in `index'

Started POST "/__better_errors/9d0500893bc53c5d/variables" for ::1 at 2020-03-27 16:04:06 -0600
Started GET "/favicon.ico" for ::1 at 2020-03-27 16:04:06 -0600
Processing by StaticController#index as 
  Parameters: {"other"=>"favicon"}
DEPRECATION WARNING: render file: should be given the absolute path to a file (called from index at /Users/scottkey/coding/dpl/Week7/Jeopardy/app/controllers/static_controller.rb:9)
Completed 500  in 3ms (ActiveRecord: 0.0ms | Allocations: 2152)



ActionView::MissingTemplate - Missing template Users/scottkey/coding/dpl/Week7/Jeopardy/public/index.html with {:locale=>[:en], :formats=>[:html, :text, :js, :css, :ics, :csv, :vcf, :vtt, :png, :jpeg, :gif, :bmp, :tiff, :svg, :mpeg, :mp3, :ogg, :m4a, :webm, :mp4, :otf, :ttf, :woff, :woff2, :xml, :rss, :atom, :yaml, :multipart_form, :url_encoded_form, :json, :pdf, :zip, :gzip], :variants=>[], :handlers=>[:raw, :erb, :html, :builder, :ruby]}. Searched in:
  * "/Users/scottkey/.rbenv/versions/2.7.0/lib/ruby/gems/2.7.0/gems/railties-6.0.2.2/lib/rails/templates"
  * "/Users/scottkey/coding/dpl/Week7/Jeopardy"
  * "/"
:
  app/controllers/static_controller.rb:9:in `index'

Started GET "/api/categories" for ::1 at 2020-03-27 16:04:56 -0600
Processing by Api::CategoriesController#index as HTML
Completed 500  in 21ms (ActiveRecord: 0.0ms | Allocations: 3261)



ArgumentError - wrong number of arguments (given 0, expected 1):
  app/models/category.rb:4:in `<class:Category>'
  app/models/category.rb:3:in `<main>'
  app/controllers/api/categories_controller.rb:6:in `index'

Started POST "/__better_errors/bf60b45b5455cc97/variables" for ::1 at 2020-03-27 16:04:56 -0600
Started GET "/favicon.ico" for ::1 at 2020-03-27 16:04:56 -0600
Processing by StaticController#index as 
  Parameters: {"other"=>"favicon"}
DEPRECATION WARNING: render file: should be given the absolute path to a file (called from index at /Users/scottkey/coding/dpl/Week7/Jeopardy/app/controllers/static_controller.rb:9)
Completed 500  in 4ms (ActiveRecord: 0.0ms | Allocations: 2186)



ActionView::MissingTemplate - Missing template Users/scottkey/coding/dpl/Week7/Jeopardy/public/index.html with {:locale=>[:en], :formats=>[:html, :text, :js, :css, :ics, :csv, :vcf, :vtt, :png, :jpeg, :gif, :bmp, :tiff, :svg, :mpeg, :mp3, :ogg, :m4a, :webm, :mp4, :otf, :ttf, :woff, :woff2, :xml, :rss, :atom, :yaml, :multipart_form, :url_encoded_form, :json, :pdf, :zip, :gzip], :variants=>[], :handlers=>[:raw, :erb, :html, :builder, :ruby]}. Searched in:
  * "/Users/scottkey/.rbenv/versions/2.7.0/lib/ruby/gems/2.7.0/gems/railties-6.0.2.2/lib/rails/templates"
  * "/Users/scottkey/coding/dpl/Week7/Jeopardy"
  * "/"
:
  app/controllers/static_controller.rb:9:in `index'

Started GET "/api/categories" for ::1 at 2020-03-27 16:04:57 -0600
Processing by Api::CategoriesController#index as HTML
Completed 500  in 2ms (ActiveRecord: 0.0ms | Allocations: 1021)



ArgumentError - wrong number of arguments (given 0, expected 1):
  app/models/category.rb:4:in `<class:Category>'
  app/models/category.rb:3:in `<main>'
  app/controllers/api/categories_controller.rb:6:in `index'

Started POST "/__better_errors/557960464a29bd8e/variables" for ::1 at 2020-03-27 16:04:57 -0600
Started GET "/favicon.ico" for ::1 at 2020-03-27 16:04:57 -0600
Processing by StaticController#index as 
  Parameters: {"other"=>"favicon"}
DEPRECATION WARNING: render file: should be given the absolute path to a file (called from index at /Users/scottkey/coding/dpl/Week7/Jeopardy/app/controllers/static_controller.rb:9)
Completed 500  in 5ms (ActiveRecord: 0.0ms | Allocations: 2186)



ActionView::MissingTemplate - Missing template Users/scottkey/coding/dpl/Week7/Jeopardy/public/index.html with {:locale=>[:en], :formats=>[:html, :text, :js, :css, :ics, :csv, :vcf, :vtt, :png, :jpeg, :gif, :bmp, :tiff, :svg, :mpeg, :mp3, :ogg, :m4a, :webm, :mp4, :otf, :ttf, :woff, :woff2, :xml, :rss, :atom, :yaml, :multipart_form, :url_encoded_form, :json, :pdf, :zip, :gzip], :variants=>[], :handlers=>[:raw, :erb, :html, :builder, :ruby]}. Searched in:
  * "/Users/scottkey/.rbenv/versions/2.7.0/lib/ruby/gems/2.7.0/gems/railties-6.0.2.2/lib/rails/templates"
  * "/Users/scottkey/coding/dpl/Week7/Jeopardy"
  * "/"
:
  app/controllers/static_controller.rb:9:in `index'

Started GET "/api/categories" for ::1 at 2020-03-27 16:05:10 -0600
  [1m[35m (2.5ms)[0m  [1m[34mSELECT "schema_migrations"."version" FROM "schema_migrations" ORDER BY "schema_migrations"."version" ASC[0m
Processing by Api::CategoriesController#index as HTML
  [1m[36mCategory Load (5.9ms)[0m  [1m[34mSELECT "categories".* FROM "categories"[0m
  ↳ app/controllers/api/categories_controller.rb:6:in `index'
Completed 200 OK in 44ms (Views: 13.6ms | ActiveRecord: 9.8ms | Allocations: 4941)


Started GET "/favicon.ico" for ::1 at 2020-03-27 16:05:10 -0600
Processing by StaticController#index as 
  Parameters: {"other"=>"favicon"}
DEPRECATION WARNING: render file: should be given the absolute path to a file (called from index at /Users/scottkey/coding/dpl/Week7/Jeopardy/app/controllers/static_controller.rb:9)
Completed 500  in 18ms (ActiveRecord: 0.0ms | Allocations: 3610)



ActionView::MissingTemplate - Missing template Users/scottkey/coding/dpl/Week7/Jeopardy/public/index.html with {:locale=>[:en], :formats=>[:html, :text, :js, :css, :ics, :csv, :vcf, :vtt, :png, :jpeg, :gif, :bmp, :tiff, :svg, :mpeg, :mp3, :ogg, :m4a, :webm, :mp4, :otf, :ttf, :woff, :woff2, :xml, :rss, :atom, :yaml, :multipart_form, :url_encoded_form, :json, :pdf, :zip, :gzip], :variants=>[], :handlers=>[:raw, :erb, :html, :builder, :ruby]}. Searched in:
  * "/Users/scottkey/.rbenv/versions/2.7.0/lib/ruby/gems/2.7.0/gems/railties-6.0.2.2/lib/rails/templates"
  * "/Users/scottkey/coding/dpl/Week7/Jeopardy"
  * "/"
:
  app/controllers/static_controller.rb:9:in `index'

Started GET "/api/cards" for ::1 at 2020-03-27 16:05:18 -0600
Processing by Api::CardsController#index as HTML
  [1m[36mCard Load (6.5ms)[0m  [1m[34mSELECT "cards".* FROM "cards"[0m
  ↳ app/controllers/api/cards_controller.rb:6:in `index'
Completed 200 OK in 39ms (Views: 12.1ms | ActiveRecord: 9.5ms | Allocations: 4697)


Started GET "/favicon.ico" for ::1 at 2020-03-27 16:05:18 -0600
Processing by StaticController#index as 
  Parameters: {"other"=>"favicon"}
DEPRECATION WARNING: render file: should be given the absolute path to a file (called from index at /Users/scottkey/coding/dpl/Week7/Jeopardy/app/controllers/static_controller.rb:9)
Completed 500  in 14ms (ActiveRecord: 0.0ms | Allocations: 2750)



ActionView::MissingTemplate - Missing template Users/scottkey/coding/dpl/Week7/Jeopardy/public/index.html with {:locale=>[:en], :formats=>[:html, :text, :js, :css, :ics, :csv, :vcf, :vtt, :png, :jpeg, :gif, :bmp, :tiff, :svg, :mpeg, :mp3, :ogg, :m4a, :webm, :mp4, :otf, :ttf, :woff, :woff2, :xml, :rss, :atom, :yaml, :multipart_form, :url_encoded_form, :json, :pdf, :zip, :gzip], :variants=>[], :handlers=>[:raw, :erb, :html, :builder, :ruby]}. Searched in:
  * "/Users/scottkey/.rbenv/versions/2.7.0/lib/ruby/gems/2.7.0/gems/railties-6.0.2.2/lib/rails/templates"
  * "/Users/scottkey/coding/dpl/Week7/Jeopardy"
  * "/"
:
  app/controllers/static_controller.rb:9:in `index'

Started GET "/api/answers" for ::1 at 2020-03-27 16:06:10 -0600
Processing by Api::AnswersController#index as HTML
Completed 204 No Content in 2ms (ActiveRecord: 0.0ms | Allocations: 862)


Started GET "/api/answers" for ::1 at 2020-03-27 16:06:15 -0600
Processing by Api::AnswersController#index as HTML
Completed 204 No Content in 2ms (ActiveRecord: 0.0ms | Allocations: 846)


Started GET "/api/categories" for 127.0.0.1 at 2020-03-27 16:06:24 -0600
Processing by Api::CategoriesController#index as HTML
  [1m[36mCategory Load (2.4ms)[0m  [1m[34mSELECT "categories".* FROM "categories"[0m
  ↳ app/controllers/api/categories_controller.rb:6:in `index'
Completed 200 OK in 16ms (Views: 11.4ms | ActiveRecord: 2.4ms | Allocations: 2419)

>>>>>>> 3009de3bcf2ee0176128851e808ebf5c88ce6e02

<<<<<<< HEAD
  [1m[35m (0.9ms)[0m  [1m[35mCREATE DATABASE "Jeopardy_development" ENCODING = 'unicode'[0m
  [1m[35m (0.7ms)[0m  [1m[35mCREATE DATABASE "Jeopardy_test" ENCODING = 'unicode'[0m
  [1m[35m (0.9ms)[0m  [1m[34mSELECT pg_try_advisory_lock(1977116685803142030)[0m
  [1m[35m (1.8ms)[0m  [1m[34mSELECT "schema_migrations"."version" FROM "schema_migrations" ORDER BY "schema_migrations"."version" ASC[0m
  [1m[36mActiveRecord::InternalMetadata Load (2.7ms)[0m  [1m[34mSELECT "ar_internal_metadata".* FROM "ar_internal_metadata" WHERE "ar_internal_metadata"."key" = $1 LIMIT $2[0m  [["key", "environment"], ["LIMIT", 1]]
  [1m[35m (0.3ms)[0m  [1m[34mSELECT pg_advisory_unlock(1977116685803142030)[0m
  [1m[35m (1.2ms)[0m  [1m[34mSELECT "schema_migrations"."version" FROM "schema_migrations" ORDER BY "schema_migrations"."version" ASC[0m
  [1m[36mCategory Load (1.1ms)[0m  [1m[34mSELECT "categories".* FROM "categories"[0m
  [1m[36mCategory Load (1.0ms)[0m  [1m[34mSELECT "categories".* FROM "categories"[0m
  [1m[35m (0.2ms)[0m  [1m[35mBEGIN[0m
  [1m[36mCategory Create (9.0ms)[0m  [1m[32mINSERT INTO "categories" ("name", "created_at", "updated_at") VALUES ($1, $2, $3) RETURNING "id"[0m  [["name", "stuff"], ["created_at", "2020-03-27 22:50:33.070591"], ["updated_at", "2020-03-27 22:50:33.070591"]]
  [1m[35m (1.3ms)[0m  [1m[35mCOMMIT[0m
  [1m[35m (1.7ms)[0m  [1m[34mSELECT "schema_migrations"."version" FROM "schema_migrations" ORDER BY "schema_migrations"."version" ASC[0m
  [1m[35m (1.6ms)[0m  [1m[34mSELECT "schema_migrations"."version" FROM "schema_migrations" ORDER BY "schema_migrations"."version" ASC[0m
  [1m[35m (0.3ms)[0m  [1m[35mBEGIN[0m
  [1m[36mCategory Create (1.4ms)[0m  [1m[32mINSERT INTO "categories" ("name", "complete", "created_at", "updated_at") VALUES ($1, $2, $3, $4) RETURNING "id"[0m  [["name", "first"], ["complete", false], ["created_at", "2020-03-27 22:54:33.212122"], ["updated_at", "2020-03-27 22:54:33.212122"]]
  [1m[35m (2.9ms)[0m  [1m[35mCOMMIT[0m
  [1m[35m (0.4ms)[0m  [1m[35mBEGIN[0m
  [1m[36mCategory Create (0.8ms)[0m  [1m[32mINSERT INTO "categories" ("name", "complete", "created_at", "updated_at") VALUES ($1, $2, $3, $4) RETURNING "id"[0m  [["name", "Second"], ["complete", false], ["created_at", "2020-03-27 22:54:33.225523"], ["updated_at", "2020-03-27 22:54:33.225523"]]
  [1m[35m (0.6ms)[0m  [1m[35mCOMMIT[0m
  [1m[35m (0.3ms)[0m  [1m[35mBEGIN[0m
  [1m[36mCategory Create (0.6ms)[0m  [1m[32mINSERT INTO "categories" ("name", "complete", "created_at", "updated_at") VALUES ($1, $2, $3, $4) RETURNING "id"[0m  [["name", "Third"], ["complete", true], ["created_at", "2020-03-27 22:54:33.235217"], ["updated_at", "2020-03-27 22:54:33.235217"]]
  [1m[35m (0.6ms)[0m  [1m[35mCOMMIT[0m
  [1m[35m (0.3ms)[0m  [1m[35mBEGIN[0m
  [1m[36mCategory Create (0.6ms)[0m  [1m[32mINSERT INTO "categories" ("name", "complete", "created_at", "updated_at") VALUES ($1, $2, $3, $4) RETURNING "id"[0m  [["name", "Fourth"], ["complete", false], ["created_at", "2020-03-27 22:54:33.244057"], ["updated_at", "2020-03-27 22:54:33.244057"]]
  [1m[35m (0.6ms)[0m  [1m[35mCOMMIT[0m
  [1m[35m (0.3ms)[0m  [1m[35mBEGIN[0m
  [1m[36mCategory Create (0.8ms)[0m  [1m[32mINSERT INTO "categories" ("name", "complete", "created_at", "updated_at") VALUES ($1, $2, $3, $4) RETURNING "id"[0m  [["name", "5th"], ["complete", true], ["created_at", "2020-03-27 22:54:33.254186"], ["updated_at", "2020-03-27 22:54:33.254186"]]
  [1m[35m (0.6ms)[0m  [1m[35mCOMMIT[0m
Started GET "/api/categories" for 127.0.0.1 at 2020-03-27 17:15:18 -0600
Processing by Api::CategoriesController#index as HTML
  [1m[36mCategory Load (4.0ms)[0m  [1m[34mSELECT "categories".* FROM "categories"[0m
  ↳ app/controllers/api/categories_controller.rb:6:in `index'
Completed 200 OK in 77ms (Views: 44.0ms | ActiveRecord: 24.2ms | Allocations: 7186)


=======
  [1m[35m (0.8ms)[0m  [1m[34mSELECT pg_try_advisory_lock(1977116685803142030)[0m
  [1m[35m (2.8ms)[0m  [1m[34mSELECT "schema_migrations"."version" FROM "schema_migrations" ORDER BY "schema_migrations"."version" ASC[0m
Migrating to CreateAnswers (20200326232007)
  [1m[35m (0.9ms)[0m  [1m[35mBEGIN[0m
  [1m[35m (47.9ms)[0m  [1m[35mCREATE TABLE "answers" ("id" bigserial primary key, "a" character varying, "b" character varying, "c" character varying, "d" character varying, "correct" character varying, "card_id" bigint NOT NULL, "created_at" timestamp(6) NOT NULL, "updated_at" timestamp(6) NOT NULL, CONSTRAINT "fk_rails_bda8d6f8de"
FOREIGN KEY ("card_id")
  REFERENCES "cards" ("id")
)[0m
  [1m[35m (1.7ms)[0m  [1m[35mCREATE  INDEX  "index_answers_on_card_id" ON "answers"  ("card_id")[0m
  [1m[36mprimary::SchemaMigration Create (5.0ms)[0m  [1m[32mINSERT INTO "schema_migrations" ("version") VALUES ($1) RETURNING "version"[0m  [["version", "20200326232007"]]
  [1m[35m (1.2ms)[0m  [1m[35mCOMMIT[0m
  [1m[36mActiveRecord::InternalMetadata Load (2.9ms)[0m  [1m[34mSELECT "ar_internal_metadata".* FROM "ar_internal_metadata" WHERE "ar_internal_metadata"."key" = $1 LIMIT $2[0m  [["key", "environment"], ["LIMIT", 1]]
  [1m[35m (0.3ms)[0m  [1m[34mSELECT pg_advisory_unlock(1977116685803142030)[0m
  [1m[35m (1.1ms)[0m  [1m[34mSELECT "schema_migrations"."version" FROM "schema_migrations" ORDER BY "schema_migrations"."version" ASC[0m
>>>>>>> f7cf3579e467f6ac1309a84de88149683590a07c
  [1m[35m (1.5ms)[0m  [1m[34mSELECT "schema_migrations"."version" FROM "schema_migrations" ORDER BY "schema_migrations"."version" ASC[0m
  [1m[35m (0.3ms)[0m  [1m[35mBEGIN[0m
  [1m[36mCategory Create (2.7ms)[0m  [1m[32mINSERT INTO "categories" ("name", "complete", "created_at", "updated_at") VALUES ($1, $2, $3, $4) RETURNING "id"[0m  [["name", "first"], ["complete", false], ["created_at", "2020-03-28 02:52:17.494002"], ["updated_at", "2020-03-28 02:52:17.494002"]]
  [1m[35m (1.1ms)[0m  [1m[35mCOMMIT[0m
  [1m[35m (0.2ms)[0m  [1m[35mBEGIN[0m
  [1m[36mCategory Create (0.7ms)[0m  [1m[32mINSERT INTO "categories" ("name", "complete", "created_at", "updated_at") VALUES ($1, $2, $3, $4) RETURNING "id"[0m  [["name", "Second"], ["complete", false], ["created_at", "2020-03-28 02:52:17.505294"], ["updated_at", "2020-03-28 02:52:17.505294"]]
  [1m[35m (0.5ms)[0m  [1m[35mCOMMIT[0m
  [1m[35m (0.5ms)[0m  [1m[35mBEGIN[0m
  [1m[36mCategory Create (0.7ms)[0m  [1m[32mINSERT INTO "categories" ("name", "complete", "created_at", "updated_at") VALUES ($1, $2, $3, $4) RETURNING "id"[0m  [["name", "Third"], ["complete", true], ["created_at", "2020-03-28 02:52:17.514264"], ["updated_at", "2020-03-28 02:52:17.514264"]]
  [1m[35m (0.8ms)[0m  [1m[35mCOMMIT[0m
  [1m[35m (0.3ms)[0m  [1m[35mBEGIN[0m
  [1m[36mCategory Create (0.6ms)[0m  [1m[32mINSERT INTO "categories" ("name", "complete", "created_at", "updated_at") VALUES ($1, $2, $3, $4) RETURNING "id"[0m  [["name", "Fourth"], ["complete", false], ["created_at", "2020-03-28 02:52:17.525157"], ["updated_at", "2020-03-28 02:52:17.525157"]]
  [1m[35m (0.5ms)[0m  [1m[35mCOMMIT[0m
  [1m[35m (0.3ms)[0m  [1m[35mBEGIN[0m
  [1m[36mCategory Create (0.7ms)[0m  [1m[32mINSERT INTO "categories" ("name", "complete", "created_at", "updated_at") VALUES ($1, $2, $3, $4) RETURNING "id"[0m  [["name", "5th"], ["complete", true], ["created_at", "2020-03-28 02:52:17.536751"], ["updated_at", "2020-03-28 02:52:17.536751"]]
  [1m[35m (0.5ms)[0m  [1m[35mCOMMIT[0m
Started PATCH "/api/categories/5" for 127.0.0.1 at 2020-03-27 22:28:25 -0600
Started PATCH "/api/categories/5" for 127.0.0.1 at 2020-03-27 22:28:25 -0600
  [1m[35m (1.0ms)[0m  [1m[34mSELECT "schema_migrations"."version" FROM "schema_migrations" ORDER BY "schema_migrations"."version" ASC[0m
  [1m[35m (7.1ms)[0m  [1m[34mSELECT "schema_migrations"."version" FROM "schema_migrations" ORDER BY "schema_migrations"."version" ASC[0m
Processing by Api::CategoriesController#update as HTML
  Parameters: {"id"=>"5", "name"=>"Fourth", "category"=>{"id"=>"5", "name"=>"Fourth"}}
Processing by Api::CategoriesController#update as HTML
  Parameters: {"id"=>"5", "name"=>"Fourth", "category"=>{"id"=>"5", "name"=>"Fourth"}}
  [1m[36mCategory Load (0.6ms)[0m  [1m[34mSELECT "categories".* FROM "categories" WHERE "categories"."id" = $1 LIMIT $2[0m  [["id", 5], ["LIMIT", 1]]
  ↳ app/controllers/api/categories_controller.rb:45:in `set_category'
[31mUnpermitted parameter: :id[0m
Completed 500  in 41ms (ActiveRecord: 5.8ms | Allocations: 10303)


  [1m[36mCategory Load (0.8ms)[0m  [1m[34mSELECT "categories".* FROM "categories" WHERE "categories"."id" = $1 LIMIT $2[0m  [["id", 5], ["LIMIT", 1]]
  ↳ app/controllers/api/categories_controller.rb:45:in `set_category'
[31mUnpermitted parameter: :id[0m
Completed 500  in 34ms (ActiveRecord: 18.4ms | Allocations: 16143)



NoMethodError - undefined method `save' for true:TrueClass:
  app/controllers/api/categories_controller.rb:27:in `update'


NoMethodError - undefined method `save' for true:TrueClass:
  app/controllers/api/categories_controller.rb:27:in `update'

Started PATCH "/api/categories/4" for 127.0.0.1 at 2020-03-27 22:28:37 -0600
Processing by Api::CategoriesController#update as HTML
  Parameters: {"id"=>"4", "name"=>"Third", "category"=>{"id"=>"4", "name"=>"Third"}}
  [1m[36mCategory Load (3.0ms)[0m  [1m[34mSELECT "categories".* FROM "categories" WHERE "categories"."id" = $1 LIMIT $2[0m  [["id", 4], ["LIMIT", 1]]
  ↳ app/controllers/api/categories_controller.rb:45:in `set_category'
[31mUnpermitted parameter: :id[0m
Completed 500  in 14ms (ActiveRecord: 3.0ms | Allocations: 4027)



NoMethodError - undefined method `save' for true:TrueClass:
  app/controllers/api/categories_controller.rb:27:in `update'

Started GET "/api/categories" for 127.0.0.1 at 2020-03-27 22:30:54 -0600
Processing by Api::CategoriesController#index as HTML
  [1m[36mCategory Load (0.7ms)[0m  [1m[34mSELECT "categories".* FROM "categories"[0m
  ↳ app/controllers/api/categories_controller.rb:6:in `index'
Completed 200 OK in 33ms (Views: 16.6ms | ActiveRecord: 10.6ms | Allocations: 7651)


Started PATCH "/api/categories/2" for 127.0.0.1 at 2020-03-27 22:30:56 -0600
Processing by Api::CategoriesController#update as HTML
  Parameters: {"id"=>"2", "name"=>"first", "category"=>{"id"=>"2", "name"=>"first"}}
  [1m[36mCategory Load (0.5ms)[0m  [1m[34mSELECT "categories".* FROM "categories" WHERE "categories"."id" = $1 LIMIT $2[0m  [["id", 2], ["LIMIT", 1]]
  ↳ app/controllers/api/categories_controller.rb:44:in `set_category'
[31mUnpermitted parameter: :id[0m
Completed 200 OK in 6ms (Views: 0.2ms | ActiveRecord: 0.5ms | Allocations: 3350)


Started PATCH "/api/categories/3" for 127.0.0.1 at 2020-03-27 22:31:01 -0600
Processing by Api::CategoriesController#update as HTML
  Parameters: {"id"=>"3", "name"=>"Second", "category"=>{"id"=>"3", "name"=>"Second"}}
  [1m[36mCategory Load (0.4ms)[0m  [1m[34mSELECT "categories".* FROM "categories" WHERE "categories"."id" = $1 LIMIT $2[0m  [["id", 3], ["LIMIT", 1]]
  ↳ app/controllers/api/categories_controller.rb:44:in `set_category'
[31mUnpermitted parameter: :id[0m
Completed 200 OK in 5ms (Views: 0.3ms | ActiveRecord: 0.4ms | Allocations: 3147)


Started GET "/api/categories" for 127.0.0.1 at 2020-03-27 22:31:44 -0600
Processing by Api::CategoriesController#index as HTML
  [1m[36mCategory Load (0.7ms)[0m  [1m[34mSELECT "categories".* FROM "categories"[0m
  ↳ app/controllers/api/categories_controller.rb:6:in `index'
Completed 200 OK in 9ms (Views: 6.5ms | ActiveRecord: 0.7ms | Allocations: 3044)


Started GET "/api/categories" for 127.0.0.1 at 2020-03-27 22:32:03 -0600
Processing by Api::CategoriesController#index as HTML
  [1m[36mCategory Load (1.6ms)[0m  [1m[34mSELECT "categories".* FROM "categories"[0m
  ↳ app/controllers/api/categories_controller.rb:6:in `index'
Completed 200 OK in 8ms (Views: 5.0ms | ActiveRecord: 1.6ms | Allocations: 3049)


Started GET "/api/categories" for 127.0.0.1 at 2020-03-27 22:32:07 -0600
Processing by Api::CategoriesController#index as HTML
  [1m[36mCategory Load (0.5ms)[0m  [1m[34mSELECT "categories".* FROM "categories"[0m
  ↳ app/controllers/api/categories_controller.rb:6:in `index'
Completed 200 OK in 7ms (Views: 4.8ms | ActiveRecord: 0.5ms | Allocations: 3044)


Started GET "/api/categories" for 127.0.0.1 at 2020-03-27 22:32:20 -0600
Processing by Api::CategoriesController#index as HTML
  [1m[36mCategory Load (0.4ms)[0m  [1m[34mSELECT "categories".* FROM "categories"[0m
  ↳ app/controllers/api/categories_controller.rb:6:in `index'
Completed 200 OK in 5ms (Views: 3.1ms | ActiveRecord: 0.4ms | Allocations: 3044)


Started GET "/api/categories" for 127.0.0.1 at 2020-03-27 22:33:02 -0600
Processing by Api::CategoriesController#index as HTML
  [1m[36mCategory Load (0.8ms)[0m  [1m[34mSELECT "categories".* FROM "categories"[0m
  ↳ app/controllers/api/categories_controller.rb:6:in `index'
Completed 200 OK in 6ms (Views: 4.2ms | ActiveRecord: 0.8ms | Allocations: 3044)


Started GET "/api/categories" for 127.0.0.1 at 2020-03-27 22:34:10 -0600
Processing by Api::CategoriesController#index as HTML
  [1m[36mCategory Load (0.5ms)[0m  [1m[34mSELECT "categories".* FROM "categories"[0m
  ↳ app/controllers/api/categories_controller.rb:6:in `index'
Completed 200 OK in 5ms (Views: 3.8ms | ActiveRecord: 0.5ms | Allocations: 3044)


Started GET "/api/categories" for 127.0.0.1 at 2020-03-27 22:34:21 -0600
Processing by Api::CategoriesController#index as HTML
  [1m[36mCategory Load (0.5ms)[0m  [1m[34mSELECT "categories".* FROM "categories"[0m
  ↳ app/controllers/api/categories_controller.rb:6:in `index'
Completed 200 OK in 6ms (Views: 4.2ms | ActiveRecord: 0.5ms | Allocations: 3044)


Started GET "/api/categories" for 127.0.0.1 at 2020-03-27 22:34:27 -0600
Processing by Api::CategoriesController#index as HTML
  [1m[36mCategory Load (0.7ms)[0m  [1m[34mSELECT "categories".* FROM "categories"[0m
  ↳ app/controllers/api/categories_controller.rb:6:in `index'
Completed 200 OK in 7ms (Views: 4.6ms | ActiveRecord: 0.7ms | Allocations: 3044)


Started GET "/api/categories" for 127.0.0.1 at 2020-03-27 22:34:44 -0600
Processing by Api::CategoriesController#index as HTML
  [1m[36mCategory Load (0.7ms)[0m  [1m[34mSELECT "categories".* FROM "categories"[0m
  ↳ app/controllers/api/categories_controller.rb:6:in `index'
Completed 200 OK in 7ms (Views: 4.6ms | ActiveRecord: 0.7ms | Allocations: 3045)


Started GET "/api/categories" for 127.0.0.1 at 2020-03-27 22:34:49 -0600
Processing by Api::CategoriesController#index as HTML
  [1m[36mCategory Load (0.5ms)[0m  [1m[34mSELECT "categories".* FROM "categories"[0m
  ↳ app/controllers/api/categories_controller.rb:6:in `index'
Completed 200 OK in 7ms (Views: 5.2ms | ActiveRecord: 0.5ms | Allocations: 3044)


Started GET "/api/categories" for 127.0.0.1 at 2020-03-27 22:35:03 -0600
Processing by Api::CategoriesController#index as HTML
  [1m[36mCategory Load (0.5ms)[0m  [1m[34mSELECT "categories".* FROM "categories"[0m
  ↳ app/controllers/api/categories_controller.rb:6:in `index'
Completed 200 OK in 7ms (Views: 5.1ms | ActiveRecord: 0.5ms | Allocations: 3045)


Started GET "/api/categories" for 127.0.0.1 at 2020-03-27 22:35:08 -0600
Processing by Api::CategoriesController#index as HTML
  [1m[36mCategory Load (0.9ms)[0m  [1m[34mSELECT "categories".* FROM "categories"[0m
  ↳ app/controllers/api/categories_controller.rb:6:in `index'
Completed 200 OK in 7ms (Views: 4.2ms | ActiveRecord: 0.9ms | Allocations: 3044)


Started GET "/api/categories" for 127.0.0.1 at 2020-03-27 22:35:13 -0600
Processing by Api::CategoriesController#index as HTML
  [1m[36mCategory Load (0.5ms)[0m  [1m[34mSELECT "categories".* FROM "categories"[0m
  ↳ app/controllers/api/categories_controller.rb:6:in `index'
Completed 200 OK in 6ms (Views: 4.4ms | ActiveRecord: 0.5ms | Allocations: 3044)


Started PATCH "/api/categories/6" for 127.0.0.1 at 2020-03-27 22:35:18 -0600
Processing by Api::CategoriesController#update as HTML
  Parameters: {"id"=>"6", "name"=>"5th", "category"=>{"id"=>"6", "name"=>"5th"}}
  [1m[36mCategory Load (0.5ms)[0m  [1m[34mSELECT "categories".* FROM "categories" WHERE "categories"."id" = $1 LIMIT $2[0m  [["id", 6], ["LIMIT", 1]]
  ↳ app/controllers/api/categories_controller.rb:44:in `set_category'
[31mUnpermitted parameter: :id[0m
Completed 200 OK in 5ms (Views: 0.2ms | ActiveRecord: 0.5ms | Allocations: 3147)


Started GET "/api/categories" for 127.0.0.1 at 2020-03-27 22:35:27 -0600
Processing by Api::CategoriesController#index as HTML
  [1m[36mCategory Load (0.9ms)[0m  [1m[34mSELECT "categories".* FROM "categories"[0m
  ↳ app/controllers/api/categories_controller.rb:6:in `index'
Completed 200 OK in 10ms (Views: 6.5ms | ActiveRecord: 0.9ms | Allocations: 3044)


Started GET "/api/categories" for 127.0.0.1 at 2020-03-27 22:35:57 -0600
Processing by Api::CategoriesController#index as HTML
  [1m[36mCategory Load (4.2ms)[0m  [1m[34mSELECT "categories".* FROM "categories"[0m
  ↳ app/controllers/api/categories_controller.rb:6:in `index'
Completed 200 OK in 14ms (Views: 8.0ms | ActiveRecord: 4.2ms | Allocations: 3044)


Started GET "/api/categories" for 127.0.0.1 at 2020-03-27 22:36:05 -0600
Processing by Api::CategoriesController#index as HTML
  [1m[36mCategory Load (0.5ms)[0m  [1m[34mSELECT "categories".* FROM "categories"[0m
  ↳ app/controllers/api/categories_controller.rb:6:in `index'
Completed 200 OK in 5ms (Views: 3.5ms | ActiveRecord: 0.5ms | Allocations: 3044)


Started PATCH "/api/categories/6" for 127.0.0.1 at 2020-03-27 22:36:13 -0600
Processing by Api::CategoriesController#update as HTML
  Parameters: {"id"=>"6", "name"=>"5th", "category"=>{"id"=>"6", "name"=>"5th"}}
  [1m[36mCategory Load (0.5ms)[0m  [1m[34mSELECT "categories".* FROM "categories" WHERE "categories"."id" = $1 LIMIT $2[0m  [["id", 6], ["LIMIT", 1]]
  ↳ app/controllers/api/categories_controller.rb:44:in `set_category'
[31mUnpermitted parameter: :id[0m
Completed 200 OK in 6ms (Views: 0.3ms | ActiveRecord: 0.5ms | Allocations: 3148)


Started GET "/api/categories" for 127.0.0.1 at 2020-03-27 22:36:38 -0600
Processing by Api::CategoriesController#index as HTML
  [1m[36mCategory Load (0.5ms)[0m  [1m[34mSELECT "categories".* FROM "categories"[0m
  ↳ app/controllers/api/categories_controller.rb:6:in `index'
Completed 200 OK in 7ms (Views: 4.7ms | ActiveRecord: 0.5ms | Allocations: 3044)


Started PATCH "/api/categories/6" for 127.0.0.1 at 2020-03-27 22:36:40 -0600
Processing by Api::CategoriesController#update as HTML
  Parameters: {"id"=>"6", "name"=>"5th", "category"=>{"id"=>"6", "name"=>"5th"}}
  [1m[36mCategory Load (0.3ms)[0m  [1m[34mSELECT "categories".* FROM "categories" WHERE "categories"."id" = $1 LIMIT $2[0m  [["id", 6], ["LIMIT", 1]]
  ↳ app/controllers/api/categories_controller.rb:44:in `set_category'
[31mUnpermitted parameter: :id[0m
Completed 200 OK in 7ms (Views: 0.6ms | ActiveRecord: 0.3ms | Allocations: 3147)


Started GET "/api/categories" for 127.0.0.1 at 2020-03-27 22:37:59 -0600
Processing by Api::CategoriesController#index as HTML
  [1m[36mCategory Load (0.6ms)[0m  [1m[34mSELECT "categories".* FROM "categories"[0m
  ↳ app/controllers/api/categories_controller.rb:6:in `index'
Completed 200 OK in 8ms (Views: 6.5ms | ActiveRecord: 0.6ms | Allocations: 3045)


Started GET "/api/categories" for 127.0.0.1 at 2020-03-27 22:38:06 -0600
Processing by Api::CategoriesController#index as HTML
  [1m[36mCategory Load (0.4ms)[0m  [1m[34mSELECT "categories".* FROM "categories"[0m
  ↳ app/controllers/api/categories_controller.rb:6:in `index'
Completed 200 OK in 5ms (Views: 3.9ms | ActiveRecord: 0.4ms | Allocations: 3045)


Started GET "/api/categories" for 127.0.0.1 at 2020-03-27 22:44:49 -0600
Processing by Api::CategoriesController#index as HTML
  [1m[36mCategory Load (1.1ms)[0m  [1m[34mSELECT "categories".* FROM "categories"[0m
  ↳ app/controllers/api/categories_controller.rb:6:in `index'
Completed 200 OK in 5ms (Views: 3.1ms | ActiveRecord: 1.1ms | Allocations: 3139)


Started GET "/api/categories" for 127.0.0.1 at 2020-03-27 22:46:51 -0600
Processing by Api::CategoriesController#index as HTML
  [1m[36mCategory Load (0.4ms)[0m  [1m[34mSELECT "categories".* FROM "categories"[0m
  ↳ app/controllers/api/categories_controller.rb:6:in `index'
Completed 200 OK in 8ms (Views: 5.7ms | ActiveRecord: 0.4ms | Allocations: 3044)


Started GET "/api/categories" for 127.0.0.1 at 2020-03-27 22:47:06 -0600
Processing by Api::CategoriesController#index as HTML
  [1m[36mCategory Load (0.7ms)[0m  [1m[34mSELECT "categories".* FROM "categories"[0m
  ↳ app/controllers/api/categories_controller.rb:6:in `index'
Completed 200 OK in 6ms (Views: 4.1ms | ActiveRecord: 0.7ms | Allocations: 3044)


Started GET "/api/categories" for 127.0.0.1 at 2020-03-27 22:48:10 -0600
Processing by Api::CategoriesController#index as HTML
  [1m[36mCategory Load (1.5ms)[0m  [1m[34mSELECT "categories".* FROM "categories"[0m
  ↳ app/controllers/api/categories_controller.rb:6:in `index'
Completed 200 OK in 7ms (Views: 4.8ms | ActiveRecord: 1.5ms | Allocations: 3044)


Started GET "/api/categories" for 127.0.0.1 at 2020-03-27 22:48:30 -0600
Processing by Api::CategoriesController#index as HTML
  [1m[36mCategory Load (0.5ms)[0m  [1m[34mSELECT "categories".* FROM "categories"[0m
  ↳ app/controllers/api/categories_controller.rb:6:in `index'
Completed 200 OK in 7ms (Views: 5.5ms | ActiveRecord: 0.5ms | Allocations: 3044)


Started GET "/api/categories" for 127.0.0.1 at 2020-03-27 22:48:46 -0600
Processing by Api::CategoriesController#index as HTML
  [1m[36mCategory Load (0.6ms)[0m  [1m[34mSELECT "categories".* FROM "categories"[0m
  ↳ app/controllers/api/categories_controller.rb:6:in `index'
Completed 200 OK in 5ms (Views: 3.5ms | ActiveRecord: 0.6ms | Allocations: 3044)


Started GET "/api/categories" for 127.0.0.1 at 2020-03-27 22:49:10 -0600
Processing by Api::CategoriesController#index as HTML
  [1m[36mCategory Load (0.6ms)[0m  [1m[34mSELECT "categories".* FROM "categories"[0m
  ↳ app/controllers/api/categories_controller.rb:6:in `index'
Completed 200 OK in 7ms (Views: 4.8ms | ActiveRecord: 0.6ms | Allocations: 3044)


Started GET "/api/categories" for 127.0.0.1 at 2020-03-27 22:49:17 -0600
Processing by Api::CategoriesController#index as HTML
  [1m[36mCategory Load (0.8ms)[0m  [1m[34mSELECT "categories".* FROM "categories"[0m
  ↳ app/controllers/api/categories_controller.rb:6:in `index'
Completed 200 OK in 8ms (Views: 5.8ms | ActiveRecord: 0.8ms | Allocations: 3044)


Started GET "/api/categories" for 127.0.0.1 at 2020-03-27 22:49:59 -0600
Processing by Api::CategoriesController#index as HTML
  [1m[36mCategory Load (0.7ms)[0m  [1m[34mSELECT "categories".* FROM "categories"[0m
  ↳ app/controllers/api/categories_controller.rb:6:in `index'
Completed 200 OK in 7ms (Views: 4.7ms | ActiveRecord: 0.7ms | Allocations: 3045)


Started GET "/api/categories" for 127.0.0.1 at 2020-03-27 22:50:08 -0600
Processing by Api::CategoriesController#index as HTML
  [1m[36mCategory Load (0.9ms)[0m  [1m[34mSELECT "categories".* FROM "categories"[0m
  ↳ app/controllers/api/categories_controller.rb:6:in `index'
Completed 200 OK in 8ms (Views: 5.9ms | ActiveRecord: 0.9ms | Allocations: 3045)


Started GET "/api/categories" for 127.0.0.1 at 2020-03-27 22:50:19 -0600
Processing by Api::CategoriesController#index as HTML
  [1m[36mCategory Load (2.7ms)[0m  [1m[34mSELECT "categories".* FROM "categories"[0m
  ↳ app/controllers/api/categories_controller.rb:6:in `index'
Completed 200 OK in 11ms (Views: 6.9ms | ActiveRecord: 2.7ms | Allocations: 3045)


Started GET "/api/categories" for 127.0.0.1 at 2020-03-27 22:50:21 -0600
Processing by Api::CategoriesController#index as HTML
  [1m[36mCategory Load (0.4ms)[0m  [1m[34mSELECT "categories".* FROM "categories"[0m
  ↳ app/controllers/api/categories_controller.rb:6:in `index'
Completed 200 OK in 4ms (Views: 2.8ms | ActiveRecord: 0.4ms | Allocations: 3044)


Started GET "/api/categories" for 127.0.0.1 at 2020-03-27 22:50:31 -0600
Processing by Api::CategoriesController#index as HTML
  [1m[36mCategory Load (1.4ms)[0m  [1m[34mSELECT "categories".* FROM "categories"[0m
  ↳ app/controllers/api/categories_controller.rb:6:in `index'
Completed 200 OK in 10ms (Views: 6.9ms | ActiveRecord: 1.4ms | Allocations: 3044)


Started POST "/api/categories" for 127.0.0.1 at 2020-03-27 22:50:38 -0600
Processing by Api::CategoriesController#create as HTML
  Parameters: {"name"=>"Testing", "category"=>{"name"=>"Testing"}}
  [1m[35m (0.3ms)[0m  [1m[35mBEGIN[0m
  ↳ app/controllers/api/categories_controller.rb:17:in `create'
  [1m[36mCategory Create (1.2ms)[0m  [1m[32mINSERT INTO "categories" ("name", "created_at", "updated_at") VALUES ($1, $2, $3) RETURNING "id"[0m  [["name", "Testing"], ["created_at", "2020-03-28 04:50:38.881809"], ["updated_at", "2020-03-28 04:50:38.881809"]]
  ↳ app/controllers/api/categories_controller.rb:17:in `create'
  [1m[35m (1.1ms)[0m  [1m[35mCOMMIT[0m
  ↳ app/controllers/api/categories_controller.rb:17:in `create'
Completed 200 OK in 15ms (Views: 0.3ms | ActiveRecord: 2.6ms | Allocations: 6038)


Started GET "/api/categories" for 127.0.0.1 at 2020-03-27 22:50:59 -0600
Processing by Api::CategoriesController#index as HTML
  [1m[36mCategory Load (0.6ms)[0m  [1m[34mSELECT "categories".* FROM "categories"[0m
  ↳ app/controllers/api/categories_controller.rb:6:in `index'
Completed 200 OK in 6ms (Views: 4.3ms | ActiveRecord: 0.6ms | Allocations: 3127)


Started GET "/api/categories" for 127.0.0.1 at 2020-03-27 22:52:50 -0600
Processing by Api::CategoriesController#index as HTML
  [1m[36mCategory Load (0.4ms)[0m  [1m[34mSELECT "categories".* FROM "categories"[0m
  ↳ app/controllers/api/categories_controller.rb:6:in `index'
Completed 200 OK in 7ms (Views: 5.3ms | ActiveRecord: 0.4ms | Allocations: 3145)


Started GET "/api/categories" for 127.0.0.1 at 2020-03-27 22:54:03 -0600
Processing by Api::CategoriesController#index as HTML
  [1m[36mCategory Load (0.5ms)[0m  [1m[34mSELECT "categories".* FROM "categories"[0m
  ↳ app/controllers/api/categories_controller.rb:6:in `index'
Completed 200 OK in 5ms (Views: 3.2ms | ActiveRecord: 0.5ms | Allocations: 3145)


Started GET "/api/categories" for 127.0.0.1 at 2020-03-27 22:54:24 -0600
Processing by Api::CategoriesController#index as HTML
  [1m[36mCategory Load (0.9ms)[0m  [1m[34mSELECT "categories".* FROM "categories"[0m
  ↳ app/controllers/api/categories_controller.rb:6:in `index'
Completed 200 OK in 9ms (Views: 6.2ms | ActiveRecord: 0.9ms | Allocations: 3145)


Started GET "/api/categories" for 127.0.0.1 at 2020-03-27 22:54:53 -0600
Processing by Api::CategoriesController#index as HTML
  [1m[36mCategory Load (0.5ms)[0m  [1m[34mSELECT "categories".* FROM "categories"[0m
  ↳ app/controllers/api/categories_controller.rb:6:in `index'
Completed 200 OK in 7ms (Views: 5.3ms | ActiveRecord: 0.5ms | Allocations: 3145)


Started GET "/api/categories" for 127.0.0.1 at 2020-03-27 22:54:59 -0600
Processing by Api::CategoriesController#index as HTML
  [1m[36mCategory Load (0.5ms)[0m  [1m[34mSELECT "categories".* FROM "categories"[0m
  ↳ app/controllers/api/categories_controller.rb:6:in `index'
Completed 200 OK in 6ms (Views: 4.2ms | ActiveRecord: 0.5ms | Allocations: 3146)


Started GET "/api/categories" for 127.0.0.1 at 2020-03-27 22:55:11 -0600
Processing by Api::CategoriesController#index as HTML
  [1m[36mCategory Load (4.9ms)[0m  [1m[34mSELECT "categories".* FROM "categories"[0m
  ↳ app/controllers/api/categories_controller.rb:6:in `index'
Completed 200 OK in 14ms (Views: 6.5ms | ActiveRecord: 4.9ms | Allocations: 3146)


Started GET "/api/categories" for 127.0.0.1 at 2020-03-27 22:55:37 -0600
Processing by Api::CategoriesController#index as HTML
  [1m[36mCategory Load (0.7ms)[0m  [1m[34mSELECT "categories".* FROM "categories"[0m
  ↳ app/controllers/api/categories_controller.rb:6:in `index'
Completed 200 OK in 5ms (Views: 3.1ms | ActiveRecord: 0.7ms | Allocations: 3145)


Started GET "/api/categories" for 127.0.0.1 at 2020-03-27 22:55:47 -0600
Processing by Api::CategoriesController#index as HTML
  [1m[36mCategory Load (1.7ms)[0m  [1m[34mSELECT "categories".* FROM "categories"[0m
  ↳ app/controllers/api/categories_controller.rb:6:in `index'
Completed 200 OK in 10ms (Views: 7.0ms | ActiveRecord: 1.7ms | Allocations: 3145)


Started GET "/api/categories" for 127.0.0.1 at 2020-03-27 22:56:08 -0600
Processing by Api::CategoriesController#index as HTML
  [1m[36mCategory Load (0.5ms)[0m  [1m[34mSELECT "categories".* FROM "categories"[0m
  ↳ app/controllers/api/categories_controller.rb:6:in `index'
Completed 200 OK in 8ms (Views: 5.6ms | ActiveRecord: 0.5ms | Allocations: 3145)


Started GET "/api/categories" for 127.0.0.1 at 2020-03-27 22:56:59 -0600
Processing by Api::CategoriesController#index as HTML
  [1m[36mCategory Load (0.5ms)[0m  [1m[34mSELECT "categories".* FROM "categories"[0m
  ↳ app/controllers/api/categories_controller.rb:6:in `index'
Completed 200 OK in 7ms (Views: 5.1ms | ActiveRecord: 0.5ms | Allocations: 3145)


Started GET "/api/categories" for 127.0.0.1 at 2020-03-27 22:57:13 -0600
Processing by Api::CategoriesController#index as HTML
  [1m[36mCategory Load (0.4ms)[0m  [1m[34mSELECT "categories".* FROM "categories"[0m
  ↳ app/controllers/api/categories_controller.rb:6:in `index'
Completed 200 OK in 6ms (Views: 3.8ms | ActiveRecord: 0.4ms | Allocations: 3145)


Started GET "/api/categories" for 127.0.0.1 at 2020-03-27 22:57:25 -0600
Processing by Api::CategoriesController#index as HTML
  [1m[36mCategory Load (0.8ms)[0m  [1m[34mSELECT "categories".* FROM "categories"[0m
  ↳ app/controllers/api/categories_controller.rb:6:in `index'
Completed 200 OK in 9ms (Views: 6.8ms | ActiveRecord: 0.8ms | Allocations: 3145)


Started GET "/api/categories" for 127.0.0.1 at 2020-03-27 22:57:52 -0600
Processing by Api::CategoriesController#index as HTML
  [1m[36mCategory Load (0.4ms)[0m  [1m[34mSELECT "categories".* FROM "categories"[0m
  ↳ app/controllers/api/categories_controller.rb:6:in `index'
Completed 200 OK in 6ms (Views: 4.4ms | ActiveRecord: 0.4ms | Allocations: 3145)


Started GET "/api/categories" for 127.0.0.1 at 2020-03-27 22:58:02 -0600
Processing by Api::CategoriesController#index as HTML
  [1m[36mCategory Load (0.4ms)[0m  [1m[34mSELECT "categories".* FROM "categories"[0m
  ↳ app/controllers/api/categories_controller.rb:6:in `index'
Completed 200 OK in 5ms (Views: 3.0ms | ActiveRecord: 0.4ms | Allocations: 3145)


Started GET "/api/categories" for 127.0.0.1 at 2020-03-27 22:58:26 -0600
Processing by Api::CategoriesController#index as HTML
  [1m[36mCategory Load (0.7ms)[0m  [1m[34mSELECT "categories".* FROM "categories"[0m
  ↳ app/controllers/api/categories_controller.rb:6:in `index'
Completed 200 OK in 11ms (Views: 8.9ms | ActiveRecord: 0.7ms | Allocations: 3146)


Started GET "/api/categories" for 127.0.0.1 at 2020-03-27 22:59:42 -0600
Processing by Api::CategoriesController#index as HTML
  [1m[36mCategory Load (0.6ms)[0m  [1m[34mSELECT "categories".* FROM "categories"[0m
  ↳ app/controllers/api/categories_controller.rb:6:in `index'
Completed 200 OK in 7ms (Views: 4.7ms | ActiveRecord: 0.6ms | Allocations: 3146)


Started GET "/api/categories" for 127.0.0.1 at 2020-03-27 22:59:56 -0600
Processing by Api::CategoriesController#index as HTML
  [1m[36mCategory Load (0.5ms)[0m  [1m[34mSELECT "categories".* FROM "categories"[0m
  ↳ app/controllers/api/categories_controller.rb:6:in `index'
Completed 200 OK in 6ms (Views: 4.4ms | ActiveRecord: 0.5ms | Allocations: 3146)


Started GET "/api/categories" for 127.0.0.1 at 2020-03-27 23:00:20 -0600
Processing by Api::CategoriesController#index as HTML
  [1m[36mCategory Load (0.7ms)[0m  [1m[34mSELECT "categories".* FROM "categories"[0m
  ↳ app/controllers/api/categories_controller.rb:6:in `index'
Completed 200 OK in 7ms (Views: 5.1ms | ActiveRecord: 0.7ms | Allocations: 3145)


Started GET "/api/categories" for 127.0.0.1 at 2020-03-27 23:01:14 -0600
Processing by Api::CategoriesController#index as HTML
  [1m[36mCategory Load (2.0ms)[0m  [1m[34mSELECT "categories".* FROM "categories"[0m
  ↳ app/controllers/api/categories_controller.rb:6:in `index'
Completed 200 OK in 14ms (Views: 7.2ms | ActiveRecord: 2.0ms | Allocations: 3145)


Started POST "/api/categories" for 127.0.0.1 at 2020-03-27 23:02:32 -0600
Processing by Api::CategoriesController#create as HTML
  Parameters: {"name"=>"", "category"=>{"name"=>""}}
  [1m[35m (0.2ms)[0m  [1m[35mBEGIN[0m
  ↳ app/controllers/api/categories_controller.rb:17:in `create'
  [1m[36mCategory Create (0.4ms)[0m  [1m[32mINSERT INTO "categories" ("name", "created_at", "updated_at") VALUES ($1, $2, $3) RETURNING "id"[0m  [["name", ""], ["created_at", "2020-03-28 05:02:32.142934"], ["updated_at", "2020-03-28 05:02:32.142934"]]
  ↳ app/controllers/api/categories_controller.rb:17:in `create'
  [1m[35m (5.6ms)[0m  [1m[35mCOMMIT[0m
  ↳ app/controllers/api/categories_controller.rb:17:in `create'
Completed 200 OK in 14ms (Views: 0.3ms | ActiveRecord: 6.3ms | Allocations: 5954)


Started GET "/api/categories" for 127.0.0.1 at 2020-03-27 23:03:26 -0600
Processing by Api::CategoriesController#index as HTML
  [1m[36mCategory Load (1.2ms)[0m  [1m[34mSELECT "categories".* FROM "categories"[0m
  ↳ app/controllers/api/categories_controller.rb:6:in `index'
Completed 200 OK in 7ms (Views: 4.6ms | ActiveRecord: 1.2ms | Allocations: 3228)


Started GET "/api/categories" for 127.0.0.1 at 2020-03-27 23:03:47 -0600
Processing by Api::CategoriesController#index as HTML
  [1m[36mCategory Load (0.6ms)[0m  [1m[34mSELECT "categories".* FROM "categories"[0m
  ↳ app/controllers/api/categories_controller.rb:6:in `index'
Completed 200 OK in 7ms (Views: 4.7ms | ActiveRecord: 0.6ms | Allocations: 3246)


Started GET "/api/categories" for 127.0.0.1 at 2020-03-27 23:03:52 -0600
Processing by Api::CategoriesController#index as HTML
  [1m[36mCategory Load (0.6ms)[0m  [1m[34mSELECT "categories".* FROM "categories"[0m
  ↳ app/controllers/api/categories_controller.rb:6:in `index'
Completed 200 OK in 7ms (Views: 5.1ms | ActiveRecord: 0.6ms | Allocations: 3247)


Started GET "/api/categories" for 127.0.0.1 at 2020-03-27 23:03:56 -0600
Processing by Api::CategoriesController#index as HTML
  [1m[36mCategory Load (3.1ms)[0m  [1m[34mSELECT "categories".* FROM "categories"[0m
  ↳ app/controllers/api/categories_controller.rb:6:in `index'
Completed 200 OK in 11ms (Views: 6.0ms | ActiveRecord: 3.1ms | Allocations: 3246)


Started GET "/api/categories" for 127.0.0.1 at 2020-03-27 23:04:09 -0600
Processing by Api::CategoriesController#index as HTML
  [1m[36mCategory Load (0.5ms)[0m  [1m[34mSELECT "categories".* FROM "categories"[0m
  ↳ app/controllers/api/categories_controller.rb:6:in `index'
Completed 200 OK in 10ms (Views: 8.8ms | ActiveRecord: 0.5ms | Allocations: 3247)


Started GET "/api/categories" for 127.0.0.1 at 2020-03-27 23:04:19 -0600
Processing by Api::CategoriesController#index as HTML
  [1m[36mCategory Load (0.7ms)[0m  [1m[34mSELECT "categories".* FROM "categories"[0m
  ↳ app/controllers/api/categories_controller.rb:6:in `index'
Completed 200 OK in 7ms (Views: 5.2ms | ActiveRecord: 0.7ms | Allocations: 3247)


Started GET "/api/categories" for 127.0.0.1 at 2020-03-27 23:04:35 -0600
Processing by Api::CategoriesController#index as HTML
  [1m[36mCategory Load (0.7ms)[0m  [1m[34mSELECT "categories".* FROM "categories"[0m
  ↳ app/controllers/api/categories_controller.rb:6:in `index'
Completed 200 OK in 7ms (Views: 4.6ms | ActiveRecord: 0.7ms | Allocations: 3247)


Started PATCH "/api/categories/8" for 127.0.0.1 at 2020-03-27 23:04:38 -0600
Processing by Api::CategoriesController#update as HTML
  Parameters: {"id"=>"8", "name"=>"asdfas", "category"=>{"id"=>"8", "name"=>"asdfas"}}
  [1m[36mCategory Load (0.4ms)[0m  [1m[34mSELECT "categories".* FROM "categories" WHERE "categories"."id" = $1 LIMIT $2[0m  [["id", 8], ["LIMIT", 1]]
  ↳ app/controllers/api/categories_controller.rb:44:in `set_category'
[31mUnpermitted parameter: :id[0m
  [1m[35m (0.3ms)[0m  [1m[35mBEGIN[0m
  ↳ app/controllers/api/categories_controller.rb:26:in `update'
  [1m[36mCategory Update (6.8ms)[0m  [1m[33mUPDATE "categories" SET "name" = $1, "updated_at" = $2 WHERE "categories"."id" = $3[0m  [["name", "asdfas"], ["updated_at", "2020-03-28 05:04:39.000463"], ["id", 8]]
  ↳ app/controllers/api/categories_controller.rb:26:in `update'
  [1m[35m (0.5ms)[0m  [1m[35mCOMMIT[0m
  ↳ app/controllers/api/categories_controller.rb:26:in `update'
Completed 200 OK in 34ms (Views: 0.3ms | ActiveRecord: 8.3ms | Allocations: 8104)


Started GET "/api/categories" for 127.0.0.1 at 2020-03-27 23:04:40 -0600
Processing by Api::CategoriesController#index as HTML
  [1m[36mCategory Load (0.4ms)[0m  [1m[34mSELECT "categories".* FROM "categories"[0m
  ↳ app/controllers/api/categories_controller.rb:6:in `index'
Completed 200 OK in 6ms (Views: 3.5ms | ActiveRecord: 0.4ms | Allocations: 3246)


Started GET "/api/categories" for 127.0.0.1 at 2020-03-27 23:05:28 -0600
Processing by Api::CategoriesController#index as HTML
  [1m[36mCategory Load (1.3ms)[0m  [1m[34mSELECT "categories".* FROM "categories"[0m
  ↳ app/controllers/api/categories_controller.rb:6:in `index'
Completed 200 OK in 6ms (Views: 3.8ms | ActiveRecord: 1.3ms | Allocations: 3246)


Started GET "/api/categories" for 127.0.0.1 at 2020-03-27 23:05:39 -0600
Processing by Api::CategoriesController#index as HTML
  [1m[36mCategory Load (0.4ms)[0m  [1m[34mSELECT "categories".* FROM "categories"[0m
  ↳ app/controllers/api/categories_controller.rb:6:in `index'
Completed 200 OK in 10ms (Views: 5.3ms | ActiveRecord: 0.4ms | Allocations: 3246)


Started GET "/api/categories" for 127.0.0.1 at 2020-03-27 23:08:48 -0600
Processing by Api::CategoriesController#index as HTML
  [1m[36mCategory Load (0.4ms)[0m  [1m[34mSELECT "categories".* FROM "categories"[0m
  ↳ app/controllers/api/categories_controller.rb:6:in `index'
Completed 200 OK in 6ms (Views: 3.7ms | ActiveRecord: 0.4ms | Allocations: 3246)


Started GET "/api/categories" for 127.0.0.1 at 2020-03-27 23:09:22 -0600
Processing by Api::CategoriesController#index as HTML
  [1m[36mCategory Load (0.6ms)[0m  [1m[34mSELECT "categories".* FROM "categories"[0m
  ↳ app/controllers/api/categories_controller.rb:6:in `index'
Completed 200 OK in 6ms (Views: 4.2ms | ActiveRecord: 0.6ms | Allocations: 3246)


Started GET "/api/categories" for 127.0.0.1 at 2020-03-27 23:09:53 -0600
Processing by Api::CategoriesController#index as HTML
  [1m[36mCategory Load (0.5ms)[0m  [1m[34mSELECT "categories".* FROM "categories"[0m
  ↳ app/controllers/api/categories_controller.rb:6:in `index'
Completed 200 OK in 10ms (Views: 9.0ms | ActiveRecord: 0.5ms | Allocations: 3247)


Started GET "/api/categories" for 127.0.0.1 at 2020-03-27 23:10:16 -0600
Processing by Api::CategoriesController#index as HTML
  [1m[36mCategory Load (0.5ms)[0m  [1m[34mSELECT "categories".* FROM "categories"[0m
  ↳ app/controllers/api/categories_controller.rb:6:in `index'
Completed 200 OK in 6ms (Views: 4.8ms | ActiveRecord: 0.5ms | Allocations: 3247)


Started GET "/api/categories" for 127.0.0.1 at 2020-03-27 23:10:21 -0600
Processing by Api::CategoriesController#index as HTML
  [1m[36mCategory Load (0.3ms)[0m  [1m[34mSELECT "categories".* FROM "categories"[0m
  ↳ app/controllers/api/categories_controller.rb:6:in `index'
Completed 200 OK in 6ms (Views: 4.1ms | ActiveRecord: 0.3ms | Allocations: 3247)


Started GET "/api/categories" for 127.0.0.1 at 2020-03-27 23:10:29 -0600
Processing by Api::CategoriesController#index as HTML
  [1m[36mCategory Load (0.4ms)[0m  [1m[34mSELECT "categories".* FROM "categories"[0m
  ↳ app/controllers/api/categories_controller.rb:6:in `index'
Completed 200 OK in 9ms (Views: 7.0ms | ActiveRecord: 0.4ms | Allocations: 3247)


Started PATCH "/api/categories/8" for 127.0.0.1 at 2020-03-27 23:10:35 -0600
Processing by Api::CategoriesController#update as HTML
  Parameters: {"id"=>"8", "name"=>"asdfassadf", "category"=>{"id"=>"8", "name"=>"asdfassadf"}}
  [1m[36mCategory Load (0.5ms)[0m  [1m[34mSELECT "categories".* FROM "categories" WHERE "categories"."id" = $1 LIMIT $2[0m  [["id", 8], ["LIMIT", 1]]
  ↳ app/controllers/api/categories_controller.rb:44:in `set_category'
[31mUnpermitted parameter: :id[0m
  [1m[35m (0.3ms)[0m  [1m[35mBEGIN[0m
  ↳ app/controllers/api/categories_controller.rb:26:in `update'
  [1m[36mCategory Update (0.9ms)[0m  [1m[33mUPDATE "categories" SET "name" = $1, "updated_at" = $2 WHERE "categories"."id" = $3[0m  [["name", "asdfassadf"], ["updated_at", "2020-03-28 05:10:35.135631"], ["id", 8]]
  ↳ app/controllers/api/categories_controller.rb:26:in `update'
  [1m[35m (5.7ms)[0m  [1m[35mCOMMIT[0m
  ↳ app/controllers/api/categories_controller.rb:26:in `update'
Completed 200 OK in 21ms (Views: 0.3ms | ActiveRecord: 7.4ms | Allocations: 7762)


Started GET "/api/categories" for 127.0.0.1 at 2020-03-27 23:11:01 -0600
Processing by Api::CategoriesController#index as HTML
  [1m[36mCategory Load (0.6ms)[0m  [1m[34mSELECT "categories".* FROM "categories"[0m
  ↳ app/controllers/api/categories_controller.rb:6:in `index'
Completed 200 OK in 8ms (Views: 5.9ms | ActiveRecord: 0.6ms | Allocations: 3246)


Started PATCH "/api/categories/8" for 127.0.0.1 at 2020-03-27 23:11:04 -0600
Processing by Api::CategoriesController#update as HTML
  Parameters: {"id"=>"8", "name"=>"asdfassadfasdf", "category"=>{"id"=>"8", "name"=>"asdfassadfasdf"}}
  [1m[36mCategory Load (0.4ms)[0m  [1m[34mSELECT "categories".* FROM "categories" WHERE "categories"."id" = $1 LIMIT $2[0m  [["id", 8], ["LIMIT", 1]]
  ↳ app/controllers/api/categories_controller.rb:44:in `set_category'
[31mUnpermitted parameter: :id[0m
  [1m[35m (0.3ms)[0m  [1m[35mBEGIN[0m
  ↳ app/controllers/api/categories_controller.rb:26:in `update'
  [1m[36mCategory Update (0.7ms)[0m  [1m[33mUPDATE "categories" SET "name" = $1, "updated_at" = $2 WHERE "categories"."id" = $3[0m  [["name", "asdfassadfasdf"], ["updated_at", "2020-03-28 05:11:04.238407"], ["id", 8]]
  ↳ app/controllers/api/categories_controller.rb:26:in `update'
  [1m[35m (5.6ms)[0m  [1m[35mCOMMIT[0m
  ↳ app/controllers/api/categories_controller.rb:26:in `update'
Completed 200 OK in 20ms (Views: 0.4ms | ActiveRecord: 7.0ms | Allocations: 7760)


Started GET "/api/categories" for 127.0.0.1 at 2020-03-27 23:11:14 -0600
Processing by Api::CategoriesController#index as HTML
  [1m[36mCategory Load (0.6ms)[0m  [1m[34mSELECT "categories".* FROM "categories"[0m
  ↳ app/controllers/api/categories_controller.rb:6:in `index'
Completed 200 OK in 10ms (Views: 7.4ms | ActiveRecord: 0.6ms | Allocations: 3246)


Started GET "/api/categories" for 127.0.0.1 at 2020-03-27 23:11:37 -0600
Processing by Api::CategoriesController#index as HTML
  [1m[36mCategory Load (0.7ms)[0m  [1m[34mSELECT "categories".* FROM "categories"[0m
  ↳ app/controllers/api/categories_controller.rb:6:in `index'
Completed 200 OK in 10ms (Views: 4.7ms | ActiveRecord: 0.7ms | Allocations: 3247)


Started GET "/api/categories" for 127.0.0.1 at 2020-03-27 23:12:22 -0600
Processing by Api::CategoriesController#index as HTML
  [1m[36mCategory Load (0.5ms)[0m  [1m[34mSELECT "categories".* FROM "categories"[0m
  ↳ app/controllers/api/categories_controller.rb:6:in `index'
Completed 200 OK in 7ms (Views: 5.2ms | ActiveRecord: 0.5ms | Allocations: 3247)


Started POST "/api/categories" for 127.0.0.1 at 2020-03-27 23:12:51 -0600
Processing by Api::CategoriesController#create as HTML
  Parameters: {"name"=>"ads", "category"=>{"name"=>"ads"}}
  [1m[35m (0.2ms)[0m  [1m[35mBEGIN[0m
  ↳ app/controllers/api/categories_controller.rb:17:in `create'
  [1m[36mCategory Create (0.7ms)[0m  [1m[32mINSERT INTO "categories" ("name", "created_at", "updated_at") VALUES ($1, $2, $3) RETURNING "id"[0m  [["name", "ads"], ["created_at", "2020-03-28 05:12:51.041958"], ["updated_at", "2020-03-28 05:12:51.041958"]]
  ↳ app/controllers/api/categories_controller.rb:17:in `create'
  [1m[35m (0.6ms)[0m  [1m[35mCOMMIT[0m
  ↳ app/controllers/api/categories_controller.rb:17:in `create'
Completed 200 OK in 13ms (Views: 0.4ms | ActiveRecord: 1.5ms | Allocations: 5954)


Started GET "/api/categories" for 127.0.0.1 at 2020-03-27 23:12:51 -0600
Processing by Api::CategoriesController#index as HTML
  [1m[36mCategory Load (0.5ms)[0m  [1m[34mSELECT "categories".* FROM "categories"[0m
  ↳ app/controllers/api/categories_controller.rb:6:in `index'
Completed 200 OK in 5ms (Views: 3.6ms | ActiveRecord: 0.5ms | Allocations: 3330)


Started PATCH "/api/categories/8" for 127.0.0.1 at 2020-03-27 23:12:54 -0600
Processing by Api::CategoriesController#update as HTML
  Parameters: {"id"=>"8", "name"=>"asdfassadfasdfasdf", "category"=>{"id"=>"8", "name"=>"asdfassadfasdfasdf"}}
  [1m[36mCategory Load (0.4ms)[0m  [1m[34mSELECT "categories".* FROM "categories" WHERE "categories"."id" = $1 LIMIT $2[0m  [["id", 8], ["LIMIT", 1]]
  ↳ app/controllers/api/categories_controller.rb:44:in `set_category'
[31mUnpermitted parameter: :id[0m
  [1m[35m (0.3ms)[0m  [1m[35mBEGIN[0m
  ↳ app/controllers/api/categories_controller.rb:26:in `update'
  [1m[36mCategory Update (0.5ms)[0m  [1m[33mUPDATE "categories" SET "name" = $1, "updated_at" = $2 WHERE "categories"."id" = $3[0m  [["name", "asdfassadfasdfasdf"], ["updated_at", "2020-03-28 05:12:54.445012"], ["id", 8]]
  ↳ app/controllers/api/categories_controller.rb:26:in `update'
  [1m[35m (5.6ms)[0m  [1m[35mCOMMIT[0m
  ↳ app/controllers/api/categories_controller.rb:26:in `update'
Completed 200 OK in 30ms (Views: 0.3ms | ActiveRecord: 6.9ms | Allocations: 7761)


Started GET "/api/categories" for 127.0.0.1 at 2020-03-27 23:13:40 -0600
Processing by Api::CategoriesController#index as HTML
  [1m[36mCategory Load (0.7ms)[0m  [1m[34mSELECT "categories".* FROM "categories"[0m
  ↳ app/controllers/api/categories_controller.rb:6:in `index'
Completed 200 OK in 7ms (Views: 5.1ms | ActiveRecord: 0.7ms | Allocations: 3347)


Started PATCH "/api/categories/9" for 127.0.0.1 at 2020-03-27 23:13:44 -0600
Processing by Api::CategoriesController#update as HTML
  Parameters: {"id"=>"9", "name"=>"adsasdf", "category"=>{"id"=>"9", "name"=>"adsasdf"}}
  [1m[36mCategory Load (0.4ms)[0m  [1m[34mSELECT "categories".* FROM "categories" WHERE "categories"."id" = $1 LIMIT $2[0m  [["id", 9], ["LIMIT", 1]]
  ↳ app/controllers/api/categories_controller.rb:44:in `set_category'
[31mUnpermitted parameter: :id[0m
  [1m[35m (0.3ms)[0m  [1m[35mBEGIN[0m
  ↳ app/controllers/api/categories_controller.rb:26:in `update'
  [1m[36mCategory Update (1.6ms)[0m  [1m[33mUPDATE "categories" SET "name" = $1, "updated_at" = $2 WHERE "categories"."id" = $3[0m  [["name", "adsasdf"], ["updated_at", "2020-03-28 05:13:44.598573"], ["id", 9]]
  ↳ app/controllers/api/categories_controller.rb:26:in `update'
  [1m[35m (5.9ms)[0m  [1m[35mCOMMIT[0m
  ↳ app/controllers/api/categories_controller.rb:26:in `update'
Completed 200 OK in 23ms (Views: 0.3ms | ActiveRecord: 8.2ms | Allocations: 7760)


Started GET "/api/categories" for 127.0.0.1 at 2020-03-27 23:13:44 -0600
Processing by Api::CategoriesController#index as HTML
  [1m[36mCategory Load (0.6ms)[0m  [1m[34mSELECT "categories".* FROM "categories"[0m
  ↳ app/controllers/api/categories_controller.rb:6:in `index'
Completed 200 OK in 6ms (Views: 4.3ms | ActiveRecord: 0.6ms | Allocations: 3347)


Started PATCH "/api/categories/9" for 127.0.0.1 at 2020-03-27 23:13:48 -0600
Processing by Api::CategoriesController#update as HTML
  Parameters: {"id"=>"9", "name"=>"adssadf", "category"=>{"id"=>"9", "name"=>"adssadf"}}
  [1m[36mCategory Load (0.5ms)[0m  [1m[34mSELECT "categories".* FROM "categories" WHERE "categories"."id" = $1 LIMIT $2[0m  [["id", 9], ["LIMIT", 1]]
  ↳ app/controllers/api/categories_controller.rb:44:in `set_category'
[31mUnpermitted parameter: :id[0m
  [1m[35m (0.3ms)[0m  [1m[35mBEGIN[0m
  ↳ app/controllers/api/categories_controller.rb:26:in `update'
  [1m[36mCategory Update (0.6ms)[0m  [1m[33mUPDATE "categories" SET "name" = $1, "updated_at" = $2 WHERE "categories"."id" = $3[0m  [["name", "adssadf"], ["updated_at", "2020-03-28 05:13:48.721934"], ["id", 9]]
  ↳ app/controllers/api/categories_controller.rb:26:in `update'
  [1m[35m (0.7ms)[0m  [1m[35mCOMMIT[0m
  ↳ app/controllers/api/categories_controller.rb:26:in `update'
Completed 200 OK in 16ms (Views: 0.3ms | ActiveRecord: 2.0ms | Allocations: 7764)


Started GET "/api/categories" for 127.0.0.1 at 2020-03-27 23:13:48 -0600
Processing by Api::CategoriesController#index as HTML
  [1m[36mCategory Load (0.5ms)[0m  [1m[34mSELECT "categories".* FROM "categories"[0m
  ↳ app/controllers/api/categories_controller.rb:6:in `index'
Completed 200 OK in 5ms (Views: 3.8ms | ActiveRecord: 0.5ms | Allocations: 3348)


Started GET "/api/categories" for 127.0.0.1 at 2020-03-27 23:13:52 -0600
Processing by Api::CategoriesController#index as HTML
  [1m[36mCategory Load (0.4ms)[0m  [1m[34mSELECT "categories".* FROM "categories"[0m
  ↳ app/controllers/api/categories_controller.rb:6:in `index'
Completed 200 OK in 5ms (Views: 4.0ms | ActiveRecord: 0.4ms | Allocations: 3347)


Started GET "/api/categories" for 127.0.0.1 at 2020-03-27 23:14:34 -0600
Processing by Api::CategoriesController#index as HTML
  [1m[36mCategory Load (0.6ms)[0m  [1m[34mSELECT "categories".* FROM "categories"[0m
  ↳ app/controllers/api/categories_controller.rb:6:in `index'
Completed 200 OK in 7ms (Views: 4.9ms | ActiveRecord: 0.6ms | Allocations: 3348)


Started GET "/api/categories" for 127.0.0.1 at 2020-03-27 23:14:42 -0600
Processing by Api::CategoriesController#index as HTML
  [1m[36mCategory Load (0.5ms)[0m  [1m[34mSELECT "categories".* FROM "categories"[0m
  ↳ app/controllers/api/categories_controller.rb:6:in `index'
Completed 200 OK in 7ms (Views: 5.1ms | ActiveRecord: 0.5ms | Allocations: 3347)


Started POST "/api/categories" for 127.0.0.1 at 2020-03-27 23:14:45 -0600
Started GET "/api/categories" for 127.0.0.1 at 2020-03-27 23:14:45 -0600
Processing by Api::CategoriesController#create as HTML
  Parameters: {"name"=>"asdf", "category"=>{"name"=>"asdf"}}
  [1m[35m (0.2ms)[0m  [1m[35mBEGIN[0m
  ↳ app/controllers/api/categories_controller.rb:17:in `create'
  [1m[36mCategory Create (0.6ms)[0m  [1m[32mINSERT INTO "categories" ("name", "created_at", "updated_at") VALUES ($1, $2, $3) RETURNING "id"[0m  [["name", "asdf"], ["created_at", "2020-03-28 05:14:45.084566"], ["updated_at", "2020-03-28 05:14:45.084566"]]
  ↳ app/controllers/api/categories_controller.rb:17:in `create'
  [1m[35m (5.7ms)[0m  [1m[35mCOMMIT[0m
  ↳ app/controllers/api/categories_controller.rb:17:in `create'
Completed 200 OK in 16ms (Views: 0.3ms | ActiveRecord: 6.5ms | Allocations: 5952)


Processing by Api::CategoriesController#index as HTML
  [1m[36mCategory Load (1.3ms)[0m  [1m[34mSELECT "categories".* FROM "categories"[0m
  ↳ app/controllers/api/categories_controller.rb:6:in `index'
Completed 200 OK in 6ms (Views: 3.3ms | ActiveRecord: 1.3ms | Allocations: 3543)


Started PATCH "/api/categories/8" for 127.0.0.1 at 2020-03-27 23:14:48 -0600
Started GET "/api/categories" for 127.0.0.1 at 2020-03-27 23:14:48 -0600
Processing by Api::CategoriesController#index as HTML
Processing by Api::CategoriesController#update as HTML
  Parameters: {"id"=>"8", "name"=>"asdfassadfasdfasdferwe", "category"=>{"id"=>"8", "name"=>"asdfassadfasdfasdferwe"}}
  [1m[36mCategory Load (0.6ms)[0m  [1m[34mSELECT "categories".* FROM "categories"[0m
  ↳ app/controllers/api/categories_controller.rb:6:in `index'
Completed 200 OK in 7ms (Views: 4.8ms | ActiveRecord: 0.6ms | Allocations: 3886)


  [1m[36mCategory Load (5.3ms)[0m  [1m[34mSELECT "categories".* FROM "categories" WHERE "categories"."id" = $1 LIMIT $2[0m  [["id", 8], ["LIMIT", 1]]
  ↳ app/controllers/api/categories_controller.rb:44:in `set_category'
[31mUnpermitted parameter: :id[0m
  [1m[35m (0.2ms)[0m  [1m[35mBEGIN[0m
  ↳ app/controllers/api/categories_controller.rb:26:in `update'
  [1m[36mCategory Update (1.3ms)[0m  [1m[33mUPDATE "categories" SET "name" = $1, "updated_at" = $2 WHERE "categories"."id" = $3[0m  [["name", "asdfassadfasdfasdferwe"], ["updated_at", "2020-03-28 05:14:48.563840"], ["id", 8]]
  ↳ app/controllers/api/categories_controller.rb:26:in `update'
  [1m[35m (0.6ms)[0m  [1m[35mCOMMIT[0m
  ↳ app/controllers/api/categories_controller.rb:26:in `update'
Completed 200 OK in 27ms (Views: 0.4ms | ActiveRecord: 9.3ms | Allocations: 13425)


Started GET "/api/categories" for 127.0.0.1 at 2020-03-27 23:14:50 -0600
Processing by Api::CategoriesController#index as HTML
  [1m[36mCategory Load (0.6ms)[0m  [1m[34mSELECT "categories".* FROM "categories"[0m
  ↳ app/controllers/api/categories_controller.rb:6:in `index'
Completed 200 OK in 10ms (Views: 7.4ms | ActiveRecord: 0.6ms | Allocations: 3449)


Started GET "/api/categories" for 127.0.0.1 at 2020-03-27 23:15:28 -0600
Processing by Api::CategoriesController#index as HTML
  [1m[36mCategory Load (0.7ms)[0m  [1m[34mSELECT "categories".* FROM "categories"[0m
  ↳ app/controllers/api/categories_controller.rb:6:in `index'
Completed 200 OK in 8ms (Views: 5.6ms | ActiveRecord: 0.7ms | Allocations: 3448)


Started GET "/api/categories" for 127.0.0.1 at 2020-03-27 23:15:38 -0600
Processing by Api::CategoriesController#index as HTML
  [1m[36mCategory Load (0.5ms)[0m  [1m[34mSELECT "categories".* FROM "categories"[0m
  ↳ app/controllers/api/categories_controller.rb:6:in `index'
Completed 200 OK in 6ms (Views: 4.0ms | ActiveRecord: 0.5ms | Allocations: 3449)


Started GET "/api/categories" for 127.0.0.1 at 2020-03-27 23:15:45 -0600
Processing by Api::CategoriesController#index as HTML
  [1m[36mCategory Load (0.6ms)[0m  [1m[34mSELECT "categories".* FROM "categories"[0m
  ↳ app/controllers/api/categories_controller.rb:6:in `index'
Completed 200 OK in 9ms (Views: 7.1ms | ActiveRecord: 0.6ms | Allocations: 3448)


Started GET "/api/categories" for 127.0.0.1 at 2020-03-27 23:16:34 -0600
Processing by Api::CategoriesController#index as HTML
  [1m[36mCategory Load (0.4ms)[0m  [1m[34mSELECT "categories".* FROM "categories"[0m
  ↳ app/controllers/api/categories_controller.rb:6:in `index'
Completed 200 OK in 8ms (Views: 6.1ms | ActiveRecord: 0.4ms | Allocations: 3448)


Started GET "/api/categories" for 127.0.0.1 at 2020-03-27 23:16:46 -0600
Processing by Api::CategoriesController#index as HTML
  [1m[36mCategory Load (0.6ms)[0m  [1m[34mSELECT "categories".* FROM "categories"[0m
  ↳ app/controllers/api/categories_controller.rb:6:in `index'
Completed 200 OK in 8ms (Views: 6.4ms | ActiveRecord: 0.6ms | Allocations: 3448)


Started GET "/api/categories" for 127.0.0.1 at 2020-03-27 23:17:02 -0600
Processing by Api::CategoriesController#index as HTML
  [1m[36mCategory Load (0.7ms)[0m  [1m[34mSELECT "categories".* FROM "categories"[0m
  ↳ app/controllers/api/categories_controller.rb:6:in `index'
Completed 200 OK in 7ms (Views: 5.1ms | ActiveRecord: 0.7ms | Allocations: 3448)


Started DELETE "/app/items/undefined" for 127.0.0.1 at 2020-03-27 23:17:16 -0600
  
ActionController::RoutingError (No route matches [DELETE] "/app/items/undefined"):
  
actionpack (6.0.2.2) lib/action_dispatch/middleware/debug_exceptions.rb:36:in `call'
rack-contrib (2.1.0) lib/rack/contrib/response_headers.rb:17:in `call'
meta_request (0.7.2) lib/meta_request/middlewares/headers.rb:16:in `call'
actionpack (6.0.2.2) lib/action_dispatch/middleware/show_exceptions.rb:33:in `call'
railties (6.0.2.2) lib/rails/rack/logger.rb:38:in `call_app'
railties (6.0.2.2) lib/rails/rack/logger.rb:26:in `block in call'
activesupport (6.0.2.2) lib/active_support/tagged_logging.rb:80:in `block in tagged'
activesupport (6.0.2.2) lib/active_support/tagged_logging.rb:28:in `tagged'
activesupport (6.0.2.2) lib/active_support/tagged_logging.rb:80:in `tagged'
railties (6.0.2.2) lib/rails/rack/logger.rb:26:in `call'
actionpack (6.0.2.2) lib/action_dispatch/middleware/remote_ip.rb:81:in `call'
actionpack (6.0.2.2) lib/action_dispatch/middleware/request_id.rb:27:in `call'
rack (2.2.2) lib/rack/runtime.rb:22:in `call'
activesupport (6.0.2.2) lib/active_support/cache/strategy/local_cache_middleware.rb:29:in `call'
actionpack (6.0.2.2) lib/action_dispatch/middleware/executor.rb:14:in `call'
actionpack (6.0.2.2) lib/action_dispatch/middleware/static.rb:126:in `call'
rack (2.2.2) lib/rack/sendfile.rb:110:in `call'
actionpack (6.0.2.2) lib/action_dispatch/middleware/host_authorization.rb:83:in `call'
railties (6.0.2.2) lib/rails/engine.rb:526:in `call'
puma (4.3.3) lib/puma/configuration.rb:228:in `call'
puma (4.3.3) lib/puma/server.rb:682:in `handle_request'
puma (4.3.3) lib/puma/server.rb:472:in `process_client'
puma (4.3.3) lib/puma/server.rb:328:in `block in run'
puma (4.3.3) lib/puma/thread_pool.rb:134:in `block in spawn_thread'
Started GET "/api/categories" for 127.0.0.1 at 2020-03-27 23:17:42 -0600
Processing by Api::CategoriesController#index as HTML
  [1m[36mCategory Load (2.5ms)[0m  [1m[34mSELECT "categories".* FROM "categories"[0m
  ↳ app/controllers/api/categories_controller.rb:6:in `index'
Completed 200 OK in 10ms (Views: 6.0ms | ActiveRecord: 2.5ms | Allocations: 3445)


Started GET "/api/categories" for 127.0.0.1 at 2020-03-27 23:18:26 -0600
Processing by Api::CategoriesController#index as HTML
  [1m[36mCategory Load (0.7ms)[0m  [1m[34mSELECT "categories".* FROM "categories"[0m
  ↳ app/controllers/api/categories_controller.rb:6:in `index'
Completed 200 OK in 8ms (Views: 6.3ms | ActiveRecord: 0.7ms | Allocations: 3446)


Started DELETE "/app/items/9" for 127.0.0.1 at 2020-03-27 23:18:28 -0600
  
ActionController::RoutingError (No route matches [DELETE] "/app/items/9"):
  
actionpack (6.0.2.2) lib/action_dispatch/middleware/debug_exceptions.rb:36:in `call'
rack-contrib (2.1.0) lib/rack/contrib/response_headers.rb:17:in `call'
meta_request (0.7.2) lib/meta_request/middlewares/headers.rb:16:in `call'
actionpack (6.0.2.2) lib/action_dispatch/middleware/show_exceptions.rb:33:in `call'
railties (6.0.2.2) lib/rails/rack/logger.rb:38:in `call_app'
railties (6.0.2.2) lib/rails/rack/logger.rb:26:in `block in call'
activesupport (6.0.2.2) lib/active_support/tagged_logging.rb:80:in `block in tagged'
activesupport (6.0.2.2) lib/active_support/tagged_logging.rb:28:in `tagged'
activesupport (6.0.2.2) lib/active_support/tagged_logging.rb:80:in `tagged'
railties (6.0.2.2) lib/rails/rack/logger.rb:26:in `call'
actionpack (6.0.2.2) lib/action_dispatch/middleware/remote_ip.rb:81:in `call'
actionpack (6.0.2.2) lib/action_dispatch/middleware/request_id.rb:27:in `call'
rack (2.2.2) lib/rack/runtime.rb:22:in `call'
activesupport (6.0.2.2) lib/active_support/cache/strategy/local_cache_middleware.rb:29:in `call'
actionpack (6.0.2.2) lib/action_dispatch/middleware/executor.rb:14:in `call'
actionpack (6.0.2.2) lib/action_dispatch/middleware/static.rb:126:in `call'
rack (2.2.2) lib/rack/sendfile.rb:110:in `call'
actionpack (6.0.2.2) lib/action_dispatch/middleware/host_authorization.rb:83:in `call'
railties (6.0.2.2) lib/rails/engine.rb:526:in `call'
puma (4.3.3) lib/puma/configuration.rb:228:in `call'
puma (4.3.3) lib/puma/server.rb:682:in `handle_request'
puma (4.3.3) lib/puma/server.rb:472:in `process_client'
puma (4.3.3) lib/puma/server.rb:328:in `block in run'
puma (4.3.3) lib/puma/thread_pool.rb:134:in `block in spawn_thread'
Started GET "/api/categories" for 127.0.0.1 at 2020-03-27 23:18:56 -0600
Processing by Api::CategoriesController#index as HTML
  [1m[36mCategory Load (1.3ms)[0m  [1m[34mSELECT "categories".* FROM "categories"[0m
  ↳ app/controllers/api/categories_controller.rb:6:in `index'
Completed 200 OK in 10ms (Views: 6.8ms | ActiveRecord: 1.3ms | Allocations: 3445)


Started DELETE "/app/categories/9" for 127.0.0.1 at 2020-03-27 23:18:57 -0600
  
ActionController::RoutingError (No route matches [DELETE] "/app/categories/9"):
  
actionpack (6.0.2.2) lib/action_dispatch/middleware/debug_exceptions.rb:36:in `call'
rack-contrib (2.1.0) lib/rack/contrib/response_headers.rb:17:in `call'
meta_request (0.7.2) lib/meta_request/middlewares/headers.rb:16:in `call'
actionpack (6.0.2.2) lib/action_dispatch/middleware/show_exceptions.rb:33:in `call'
railties (6.0.2.2) lib/rails/rack/logger.rb:38:in `call_app'
railties (6.0.2.2) lib/rails/rack/logger.rb:26:in `block in call'
activesupport (6.0.2.2) lib/active_support/tagged_logging.rb:80:in `block in tagged'
activesupport (6.0.2.2) lib/active_support/tagged_logging.rb:28:in `tagged'
activesupport (6.0.2.2) lib/active_support/tagged_logging.rb:80:in `tagged'
railties (6.0.2.2) lib/rails/rack/logger.rb:26:in `call'
actionpack (6.0.2.2) lib/action_dispatch/middleware/remote_ip.rb:81:in `call'
actionpack (6.0.2.2) lib/action_dispatch/middleware/request_id.rb:27:in `call'
rack (2.2.2) lib/rack/runtime.rb:22:in `call'
activesupport (6.0.2.2) lib/active_support/cache/strategy/local_cache_middleware.rb:29:in `call'
actionpack (6.0.2.2) lib/action_dispatch/middleware/executor.rb:14:in `call'
actionpack (6.0.2.2) lib/action_dispatch/middleware/static.rb:126:in `call'
rack (2.2.2) lib/rack/sendfile.rb:110:in `call'
actionpack (6.0.2.2) lib/action_dispatch/middleware/host_authorization.rb:83:in `call'
railties (6.0.2.2) lib/rails/engine.rb:526:in `call'
puma (4.3.3) lib/puma/configuration.rb:228:in `call'
puma (4.3.3) lib/puma/server.rb:682:in `handle_request'
puma (4.3.3) lib/puma/server.rb:472:in `process_client'
puma (4.3.3) lib/puma/server.rb:328:in `block in run'
puma (4.3.3) lib/puma/thread_pool.rb:134:in `block in spawn_thread'
Started GET "/api/categories" for 127.0.0.1 at 2020-03-27 23:19:07 -0600
Processing by Api::CategoriesController#index as HTML
  [1m[36mCategory Load (1.2ms)[0m  [1m[34mSELECT "categories".* FROM "categories"[0m
  ↳ app/controllers/api/categories_controller.rb:6:in `index'
Completed 200 OK in 19ms (Views: 12.3ms | ActiveRecord: 1.2ms | Allocations: 3446)


Started DELETE "/api/categories/9" for 127.0.0.1 at 2020-03-27 23:19:09 -0600
Processing by Api::CategoriesController#destroy as HTML
  Parameters: {"id"=>"9"}
  [1m[36mCategory Load (0.4ms)[0m  [1m[34mSELECT "categories".* FROM "categories" WHERE "categories"."id" = $1 LIMIT $2[0m  [["id", 9], ["LIMIT", 1]]
  ↳ app/controllers/api/categories_controller.rb:44:in `set_category'
  [1m[35m (0.2ms)[0m  [1m[35mBEGIN[0m
  ↳ app/controllers/api/categories_controller.rb:34:in `destroy'
  [1m[36mCard Load (1.5ms)[0m  [1m[34mSELECT "cards".* FROM "cards" WHERE "cards"."category_id" = $1[0m  [["category_id", 9]]
  ↳ app/controllers/api/categories_controller.rb:34:in `destroy'
  [1m[36mCategory Destroy (1.0ms)[0m  [1m[31mDELETE FROM "categories" WHERE "categories"."id" = $1[0m  [["id", 9]]
  ↳ app/controllers/api/categories_controller.rb:34:in `destroy'
  [1m[35m (0.8ms)[0m  [1m[35mCOMMIT[0m
  ↳ app/controllers/api/categories_controller.rb:34:in `destroy'
Completed 204 No Content in 56ms (ActiveRecord: 8.1ms | Allocations: 17315)


Started GET "/api/categories" for 127.0.0.1 at 2020-03-27 23:19:27 -0600
Processing by Api::CategoriesController#index as HTML
  [1m[36mCategory Load (0.6ms)[0m  [1m[34mSELECT "categories".* FROM "categories"[0m
  ↳ app/controllers/api/categories_controller.rb:6:in `index'
Completed 200 OK in 8ms (Views: 6.3ms | ActiveRecord: 0.6ms | Allocations: 3345)


Started GET "/api/categories" for 127.0.0.1 at 2020-03-27 23:20:16 -0600
Processing by Api::CategoriesController#index as HTML
  [1m[36mCategory Load (0.4ms)[0m  [1m[34mSELECT "categories".* FROM "categories"[0m
  ↳ app/controllers/api/categories_controller.rb:6:in `index'
Completed 200 OK in 6ms (Views: 3.7ms | ActiveRecord: 0.4ms | Allocations: 3345)


Started GET "/api/categories" for 127.0.0.1 at 2020-03-27 23:20:25 -0600
Processing by Api::CategoriesController#index as HTML
  [1m[36mCategory Load (0.5ms)[0m  [1m[34mSELECT "categories".* FROM "categories"[0m
  ↳ app/controllers/api/categories_controller.rb:6:in `index'
Completed 200 OK in 6ms (Views: 4.6ms | ActiveRecord: 0.5ms | Allocations: 3345)


Started DELETE "/api/categories/8" for 127.0.0.1 at 2020-03-27 23:20:27 -0600
Processing by Api::CategoriesController#destroy as HTML
  Parameters: {"id"=>"8"}
  [1m[36mCategory Load (0.5ms)[0m  [1m[34mSELECT "categories".* FROM "categories" WHERE "categories"."id" = $1 LIMIT $2[0m  [["id", 8], ["LIMIT", 1]]
  ↳ app/controllers/api/categories_controller.rb:44:in `set_category'
  [1m[35m (0.2ms)[0m  [1m[35mBEGIN[0m
  ↳ app/controllers/api/categories_controller.rb:34:in `destroy'
  [1m[36mCard Load (0.3ms)[0m  [1m[34mSELECT "cards".* FROM "cards" WHERE "cards"."category_id" = $1[0m  [["category_id", 8]]
  ↳ app/controllers/api/categories_controller.rb:34:in `destroy'
  [1m[36mCategory Destroy (0.8ms)[0m  [1m[31mDELETE FROM "categories" WHERE "categories"."id" = $1[0m  [["id", 8]]
  ↳ app/controllers/api/categories_controller.rb:34:in `destroy'
  [1m[35m (5.6ms)[0m  [1m[35mCOMMIT[0m
  ↳ app/controllers/api/categories_controller.rb:34:in `destroy'
Completed 204 No Content in 19ms (ActiveRecord: 7.4ms | Allocations: 8270)


Started GET "/api/categories" for 127.0.0.1 at 2020-03-27 23:21:02 -0600
Processing by Api::CategoriesController#index as HTML
  [1m[36mCategory Load (0.5ms)[0m  [1m[34mSELECT "categories".* FROM "categories"[0m
  ↳ app/controllers/api/categories_controller.rb:6:in `index'
Completed 200 OK in 11ms (Views: 9.7ms | ActiveRecord: 0.5ms | Allocations: 3245)


Started DELETE "/api/categories/10" for 127.0.0.1 at 2020-03-27 23:21:04 -0600
Processing by Api::CategoriesController#destroy as HTML
  Parameters: {"id"=>"10"}
  [1m[36mCategory Load (0.3ms)[0m  [1m[34mSELECT "categories".* FROM "categories" WHERE "categories"."id" = $1 LIMIT $2[0m  [["id", 10], ["LIMIT", 1]]
  ↳ app/controllers/api/categories_controller.rb:44:in `set_category'
  [1m[35m (0.2ms)[0m  [1m[35mBEGIN[0m
  ↳ app/controllers/api/categories_controller.rb:34:in `destroy'
  [1m[36mCard Load (0.6ms)[0m  [1m[34mSELECT "cards".* FROM "cards" WHERE "cards"."category_id" = $1[0m  [["category_id", 10]]
  ↳ app/controllers/api/categories_controller.rb:34:in `destroy'
  [1m[36mCategory Destroy (0.7ms)[0m  [1m[31mDELETE FROM "categories" WHERE "categories"."id" = $1[0m  [["id", 10]]
  ↳ app/controllers/api/categories_controller.rb:34:in `destroy'
  [1m[35m (5.6ms)[0m  [1m[35mCOMMIT[0m
  ↳ app/controllers/api/categories_controller.rb:34:in `destroy'
Completed 204 No Content in 19ms (ActiveRecord: 7.4ms | Allocations: 8272)


Started GET "/api/categories" for 127.0.0.1 at 2020-03-27 23:23:29 -0600
Processing by Api::CategoriesController#index as HTML
  [1m[36mCategory Load (0.9ms)[0m  [1m[34mSELECT "categories".* FROM "categories"[0m
  ↳ app/controllers/api/categories_controller.rb:6:in `index'
Completed 200 OK in 8ms (Views: 5.8ms | ActiveRecord: 0.9ms | Allocations: 3144)


Started PATCH "/api/categories/5" for 127.0.0.1 at 2020-03-27 23:24:23 -0600
Started GET "/api/categories" for 127.0.0.1 at 2020-03-27 23:24:23 -0600
Processing by Api::CategoriesController#update as HTML
  Parameters: {"id"=>"5", "name"=>"Fourth", "category"=>{"id"=>"5", "name"=>"Fourth"}}
  [1m[36mCategory Load (0.5ms)[0m  [1m[34mSELECT "categories".* FROM "categories" WHERE "categories"."id" = $1 LIMIT $2[0m  [["id", 5], ["LIMIT", 1]]
  ↳ app/controllers/api/categories_controller.rb:44:in `set_category'
[31mUnpermitted parameter: :id[0m
Completed 200 OK in 6ms (Views: 0.3ms | ActiveRecord: 0.5ms | Allocations: 3143)


Processing by Api::CategoriesController#index as HTML
  [1m[36mCategory Load (0.9ms)[0m  [1m[34mSELECT "categories".* FROM "categories"[0m
  ↳ app/controllers/api/categories_controller.rb:6:in `index'
Completed 200 OK in 5ms (Views: 3.0ms | ActiveRecord: 0.9ms | Allocations: 3238)


